<?xml version="1.0" encoding="utf-8"?><testsuites name="pytest tests"><testsuite name="pytest" errors="0" failures="0" skipped="0" tests="18" time="17.165" timestamp="2026-03-11T20:29:33.075087+00:00" hostname="agent-env-682c0626-c60b-4345-b232-7dcb48bb0b75"><testcase classname="backend.tests.test_school_settings.TestSchoolSettingsAPIs" name="test_get_school_settings" time="0.983" /><testcase classname="backend.tests.test_school_settings.TestSchoolSettingsAPIs" name="test_get_school_settings_with_admin_context" time="0.861" /><testcase classname="backend.tests.test_school_settings.TestSchoolSettingsAPIs" name="test_update_work_days" time="0.862" /><testcase classname="backend.tests.test_school_settings.TestSchoolSettingsAPIs" name="test_update_periods_per_day" time="0.897" /><testcase classname="backend.tests.test_school_settings.TestSchoolSettingsAPIs" name="test_update_timing" time="0.860" /><testcase classname="backend.tests.test_school_settings.TestSchoolSettingsAPIs" name="test_update_breaks" time="0.892" /><testcase classname="backend.tests.test_school_settings.TestSchoolSettingsAPIs" name="test_add_official_holiday" time="0.985" /><testcase classname="backend.tests.test_school_settings.TestSchoolSettingsAPIs" name="test_add_activity_day" time="0.984" /><testcase classname="backend.tests.test_school_settings.TestSchoolSettingsAPIs" name="test_update_teaching_loads" time="0.979" /><testcase classname="backend.tests.test_school_settings.TestSchoolSettingsAPIs" name="test_update_teacher_availability" time="0.836" /><testcase classname="backend.tests.test_school_settings.TestSchoolSettingsAPIs" name="test_update_constraints" time="0.839" /><testcase classname="backend.tests.test_school_settings.TestSchoolSettingsAPIs" name="test_stages_crud" time="1.183" /><testcase classname="backend.tests.test_school_settings.TestSchoolSettingsAPIs" name="test_grades_crud" time="1.099" /><testcase classname="backend.tests.test_school_settings.TestSchoolSettingsAPIs" name="test_sections_crud" time="1.510" /><testcase classname="backend.tests.test_school_settings.TestSchoolSettingsAPIs" name="test_academic_terms_crud" time="1.142" /><testcase classname="backend.tests.test_school_settings.TestSchoolSettingsAPIs" name="test_subjects_crud" time="1.160" /><testcase classname="backend.tests.test_school_settings.TestSchoolSettingsValidation" name="test_unauthorized_access" time="0.472" /><testcase classname="backend.tests.test_school_settings.TestSchoolSettingsValidation" name="test_invalid_periods_per_day" time="0.537" /></testsuite></testsuites>