<?xml version="1.0" encoding="utf-8"?><testsuites name="pytest tests"><testsuite name="pytest" errors="0" failures="0" skipped="0" tests="20" time="9.523" timestamp="2026-03-09T00:42:24.281329+00:00" hostname="agent-env-340c481b-8735-4748-9ded-cf2f7e89d423"><testcase classname="backend.tests.test_assessment_api.TestAssessmentEngine" name="test_01_login_as_principal" time="0.796" /><testcase classname="backend.tests.test_assessment_api.TestAssessmentEngine" name="test_02_get_assessments_list" time="0.417" /><testcase classname="backend.tests.test_assessment_api.TestAssessmentEngine" name="test_03_get_assessments_with_class_filter" time="0.406" /><testcase classname="backend.tests.test_assessment_api.TestAssessmentEngine" name="test_04_get_assessments_with_subject_filter" time="0.411" /><testcase classname="backend.tests.test_assessment_api.TestAssessmentEngine" name="test_05_get_assessments_with_type_filter" time="0.401" /><testcase classname="backend.tests.test_assessment_api.TestAssessmentEngine" name="test_06_create_assessment" time="0.398" /><testcase classname="backend.tests.test_assessment_api.TestAssessmentEngine" name="test_07_create_assessment_different_types" time="0.617" /><testcase classname="backend.tests.test_assessment_api.TestAssessmentEngine" name="test_08_get_existing_assessment" time="0.405" /><testcase classname="backend.tests.test_assessment_api.TestAssessmentEngine" name="test_09_get_students_for_grading" time="0.425" /><testcase classname="backend.tests.test_assessment_api.TestAssessmentEngine" name="test_10_create_bulk_grades" time="0.433" /><testcase classname="backend.tests.test_assessment_api.TestAssessmentEngine" name="test_11_verify_grades_persisted" time="0.430" /><testcase classname="backend.tests.test_assessment_api.TestAssessmentEngine" name="test_12_get_class_grade_overview" time="0.439" /><testcase classname="backend.tests.test_assessment_api.TestAssessmentEngine" name="test_13_get_class_overview_with_subject_filter" time="0.428" /><testcase classname="backend.tests.test_assessment_api.TestAssessmentEngine" name="test_14_get_student_grade_history" time="0.465" /><testcase classname="backend.tests.test_assessment_api.TestAssessmentEngine" name="test_15_get_student_history_with_filters" time="0.442" /><testcase classname="backend.tests.test_assessment_api.TestAssessmentEngine" name="test_16_update_assessment" time="0.527" /><testcase classname="backend.tests.test_assessment_api.TestAssessmentEngine" name="test_17_delete_assessment" time="0.505" /><testcase classname="backend.tests.test_assessment_api.TestAssessmentEngine" name="test_18_get_nonexistent_assessment" time="0.404" /><testcase classname="backend.tests.test_assessment_api.TestAssessmentEngine" name="test_19_get_students_for_nonexistent_assessment" time="0.383" /><testcase classname="backend.tests.test_assessment_api.TestAssessmentEngine" name="test_99_cleanup_test_data" time="0.735" /></testsuite></testsuites>