<?xml version="1.0" encoding="utf-8"?><testsuites name="pytest tests"><testsuite name="pytest" errors="0" failures="1" skipped="0" tests="14" time="32.780" timestamp="2026-03-11T21:06:54.531176+00:00" hostname="agent-env-682c0626-c60b-4345-b232-7dcb48bb0b75"><testcase classname="backend.tests.test_schedule_hakim.TestScheduleAPIs" name="test_get_time_slots" time="0.958" /><testcase classname="backend.tests.test_schedule_hakim.TestScheduleAPIs" name="test_seed_time_slots_existing" time="0.546" /><testcase classname="backend.tests.test_schedule_hakim.TestScheduleAPIs" name="test_get_schedules" time="0.498" /><testcase classname="backend.tests.test_schedule_hakim.TestScheduleAPIs" name="test_get_schedule_sessions" time="0.836" /><testcase classname="backend.tests.test_schedule_hakim.TestScheduleAPIs" name="test_get_schedule_conflicts" time="0.800" /><testcase classname="backend.tests.test_schedule_hakim.TestScheduleAPIs" name="test_get_conflict_suggestions" time="0.647" /><testcase classname="backend.tests.test_schedule_hakim.TestHakimAssistant" name="test_hakim_chat_basic" time="4.620" /><testcase classname="backend.tests.test_schedule_hakim.TestHakimAssistant" name="test_hakim_chat_schedule_context" time="6.507" /><testcase classname="backend.tests.test_schedule_hakim.TestHakimAssistant" name="test_hakim_chat_with_suggestions" time="14.744" /><testcase classname="backend.tests.test_schedule_hakim.TestAdminDashboardAPIs" name="test_admin_stats" time="0.533"><failure message="AssertionError: Failed: {&quot;detail&quot;:&quot;Not Found&quot;}&#10;assert 404 == 200&#10; +  where 404 = &lt;Response [404]&gt;.status_code">backend/tests/test_schedule_hakim.py:211: in test_admin_stats
    assert response.status_code == 200, f"Failed: {response.text}"
E   AssertionError: Failed: {"detail":"Not Found"}
E   assert 404 == 200
E    +  where 404 = &lt;Response [404]&gt;.status_code</failure></testcase><testcase classname="backend.tests.test_schedule_hakim.TestAdminDashboardAPIs" name="test_analytics_endpoint" time="0.468" /><testcase classname="backend.tests.test_schedule_hakim.TestAdminDashboardAPIs" name="test_integrations_endpoint" time="0.470" /><testcase classname="backend.tests.test_schedule_hakim.TestTeachersAndClasses" name="test_get_teachers" time="0.453" /><testcase classname="backend.tests.test_schedule_hakim.TestTeachersAndClasses" name="test_get_classes" time="0.602" /></testsuite></testsuites>