<?xml version="1.0" encoding="utf-8"?><testsuites name="pytest tests"><testsuite name="pytest" errors="0" failures="0" skipped="0" tests="17" time="4.689" timestamp="2026-03-08T17:39:42.990638+00:00" hostname="agent-env-67107d3f-00f5-461d-9c77-6a0fed578f02"><testcase classname="backend.tests.test_language_dashboard.TestAuthAndDashboard" name="test_admin_login_success" time="0.459" /><testcase classname="backend.tests.test_language_dashboard.TestAuthAndDashboard" name="test_admin_login_invalid_credentials" time="0.116" /><testcase classname="backend.tests.test_language_dashboard.TestAuthAndDashboard" name="test_dashboard_stats_requires_auth" time="0.111" /><testcase classname="backend.tests.test_language_dashboard.TestAuthAndDashboard" name="test_dashboard_stats_returns_live_data" time="0.450" /><testcase classname="backend.tests.test_language_dashboard.TestAuthAndDashboard" name="test_dashboard_stats_expected_values" time="0.110" /><testcase classname="backend.tests.test_language_dashboard.TestSchoolsAPI" name="test_get_schools_list" time="0.449" /><testcase classname="backend.tests.test_language_dashboard.TestSchoolsAPI" name="test_get_schools_requires_auth" time="0.106" /><testcase classname="backend.tests.test_language_dashboard.TestTeachersAPI" name="test_get_teachers_list" time="0.440" /><testcase classname="backend.tests.test_language_dashboard.TestTeachersAPI" name="test_get_teachers_requires_auth" time="0.139" /><testcase classname="backend.tests.test_language_dashboard.TestStudentsAPI" name="test_get_students_list" time="0.428" /><testcase classname="backend.tests.test_language_dashboard.TestStudentsAPI" name="test_get_students_requires_auth" time="0.104" /><testcase classname="backend.tests.test_language_dashboard.TestClassesAPI" name="test_get_classes_list" time="0.464" /><testcase classname="backend.tests.test_language_dashboard.TestClassesAPI" name="test_get_classes_requires_auth" time="0.140" /><testcase classname="backend.tests.test_language_dashboard.TestSubjectsAPI" name="test_get_subjects_list" time="0.441" /><testcase classname="backend.tests.test_language_dashboard.TestSubjectsAPI" name="test_get_subjects_requires_auth" time="0.112" /><testcase classname="backend.tests.test_language_dashboard.TestRegistrationRequestsAPI" name="test_get_registration_requests" time="0.451" /><testcase classname="backend.tests.test_language_dashboard.TestRegistrationRequestsAPI" name="test_get_registration_requests_requires_auth" time="0.095" /></testsuite></testsuites>