<?xml version="1.0" encoding="utf-8"?><testsuites name="pytest tests"><testsuite name="pytest" errors="0" failures="0" skipped="0" tests="12" time="6.002" timestamp="2026-03-12T16:58:09.291639+00:00" hostname="agent-env-c55abd86-e039-493f-800c-2d068d2d2ba7"><testcase classname="backend.tests.test_schedule_page_new.TestAuthentication" name="test_principal_login" time="0.425" /><testcase classname="backend.tests.test_schedule_page_new.TestScheduleAPIs" name="test_get_schedules" time="0.568" /><testcase classname="backend.tests.test_schedule_page_new.TestScheduleAPIs" name="test_get_schedule_sessions" time="0.496" /><testcase classname="backend.tests.test_schedule_page_new.TestScheduleAPIs" name="test_get_time_slots" time="0.505" /><testcase classname="backend.tests.test_schedule_page_new.TestScheduleAPIs" name="test_get_teachers" time="0.560" /><testcase classname="backend.tests.test_schedule_page_new.TestScheduleAPIs" name="test_get_classes" time="0.489" /><testcase classname="backend.tests.test_schedule_page_new.TestScheduleSessionsFiltering" name="test_sessions_have_correct_days" time="0.472" /><testcase classname="backend.tests.test_schedule_page_new.TestScheduleSessionsFiltering" name="test_sessions_have_teacher_info" time="0.485" /><testcase classname="backend.tests.test_schedule_page_new.TestScheduleSessionsFiltering" name="test_sessions_have_subject_info" time="0.472" /><testcase classname="backend.tests.test_schedule_page_new.TestSchoolSettingsAPIs" name="test_school_settings_endpoint" time="0.487" /><testcase classname="backend.tests.test_schedule_page_new.TestSchoolSettingsAPIs" name="test_reference_teacher_ranks" time="0.494" /><testcase classname="backend.tests.test_schedule_page_new.TestSchoolSettingsAPIs" name="test_reference_admin_constraints" time="0.466" /></testsuite></testsuites>