<?xml version="1.0" encoding="utf-8"?><testsuites name="pytest tests"><testsuite name="pytest" errors="0" failures="0" skipped="0" tests="16" time="8.791" timestamp="2026-03-12T03:38:18.315505+00:00" hostname="agent-env-60f543d4-5eb7-4f2b-9019-550f0dc09f53"><testcase classname="backend.tests.test_bulk_import_export.TestBulkImportExport" name="test_admin_login" time="0.803" /><testcase classname="backend.tests.test_bulk_import_export.TestBulkImportExport" name="test_download_students_template" time="0.463" /><testcase classname="backend.tests.test_bulk_import_export.TestBulkImportExport" name="test_download_teachers_template" time="0.449" /><testcase classname="backend.tests.test_bulk_import_export.TestBulkImportExport" name="test_template_invalid_type" time="0.416" /><testcase classname="backend.tests.test_bulk_import_export.TestBulkImportExport" name="test_export_students" time="0.525" /><testcase classname="backend.tests.test_bulk_import_export.TestBulkImportExport" name="test_export_teachers" time="0.460" /><testcase classname="backend.tests.test_bulk_import_export.TestBulkImportExport" name="test_export_schedule" time="0.452" /><testcase classname="backend.tests.test_bulk_import_export.TestBulkImportExport" name="test_export_attendance" time="0.778" /><testcase classname="backend.tests.test_bulk_import_export.TestBulkImportExport" name="test_export_grades" time="1.061" /><testcase classname="backend.tests.test_bulk_import_export.TestBulkImportExport" name="test_export_csv_format" time="0.490" /><testcase classname="backend.tests.test_bulk_import_export.TestBulkImportExport" name="test_export_invalid_type" time="0.424" /><testcase classname="backend.tests.test_bulk_import_export.TestBulkImportExport" name="test_import_without_file" time="0.409" /><testcase classname="backend.tests.test_bulk_import_export.TestBulkImportExport" name="test_import_invalid_file_type" time="0.521" /><testcase classname="backend.tests.test_bulk_import_export.TestBulkImportExport" name="test_template_requires_auth" time="0.504" /><testcase classname="backend.tests.test_bulk_import_export.TestBulkImportExport" name="test_export_requires_auth" time="0.480" /><testcase classname="backend.tests.test_bulk_import_export.TestBulkImportExport" name="test_import_requires_auth" time="0.490" /></testsuite></testsuites>