<?xml version="1.0" encoding="utf-8"?><testsuites name="pytest tests"><testsuite name="pytest" errors="0" failures="0" skipped="0" tests="12" time="1.455" timestamp="2026-03-09T22:58:59.305869+00:00" hostname="agent-env-6287cbc6-72a1-44a4-b8d1-773e13a83086"><testcase classname="tests.test_foundation_phase.TestPublicContactAPI" name="test_get_contact_info_no_auth" time="0.297" /><testcase classname="tests.test_foundation_phase.TestAcademicStagesAPI" name="test_seed_default_stages" time="0.494" /><testcase classname="tests.test_foundation_phase.TestAcademicStagesAPI" name="test_get_educational_stages" time="0.118" /><testcase classname="tests.test_foundation_phase.TestAcademicStagesAPI" name="test_seed_stages_requires_auth" time="0.129" /><testcase classname="tests.test_foundation_phase.TestAcademicStagesAPI" name="test_get_stages_requires_auth" time="0.157" /><testcase classname="tests.test_foundation_phase.TestEnginesExist" name="test_scheduling_engine_exists" time="0.099" /><testcase classname="tests.test_foundation_phase.TestEnginesExist" name="test_attendance_engine_exists" time="0.000" /><testcase classname="tests.test_foundation_phase.TestEnginesExist" name="test_assessment_engine_exists" time="0.000" /><testcase classname="tests.test_foundation_phase.TestEnginesExist" name="test_notification_engine_exists" time="0.000" /><testcase classname="tests.test_foundation_phase.TestEnginesExist" name="test_audit_engine_exists" time="0.000" /><testcase classname="tests.test_foundation_phase.TestEnginesExist" name="test_engines_init_exports" time="0.000" /><testcase classname="tests.test_foundation_phase.TestHealthCheck" name="test_api_root" time="0.111" /></testsuite></testsuites>