<?xml version="1.0" encoding="utf-8"?><testsuites name="pytest tests"><testsuite name="pytest" errors="0" failures="0" skipped="0" tests="18" time="3.364" timestamp="2026-03-12T02:28:19.969960+00:00" hostname="agent-env-60f543d4-5eb7-4f2b-9019-550f0dc09f53"><testcase classname="backend.tests.test_settings_routes.TestSettingsAuth" name="test_admin_login" time="0.509" /><testcase classname="backend.tests.test_settings_routes.TestGeneralSettings" name="test_get_general_settings" time="0.596" /><testcase classname="backend.tests.test_settings_routes.TestGeneralSettings" name="test_put_general_settings" time="0.139" /><testcase classname="backend.tests.test_settings_routes.TestGeneralSettings" name="test_get_general_settings_unauthorized" time="0.107" /><testcase classname="backend.tests.test_settings_routes.TestMaintenanceSettings" name="test_get_maintenance_settings" time="0.124" /><testcase classname="backend.tests.test_settings_routes.TestMaintenanceSettings" name="test_put_maintenance_settings" time="0.121" /><testcase classname="backend.tests.test_settings_routes.TestTermsSettings" name="test_get_terms_versions" time="0.126" /><testcase classname="backend.tests.test_settings_routes.TestTermsSettings" name="test_create_terms_version" time="0.142" /><testcase classname="backend.tests.test_settings_routes.TestPrivacySettings" name="test_get_privacy_versions" time="0.109" /><testcase classname="backend.tests.test_settings_routes.TestPrivacySettings" name="test_create_privacy_version" time="0.132" /><testcase classname="backend.tests.test_settings_routes.TestContactSettings" name="test_get_contact_info" time="0.107" /><testcase classname="backend.tests.test_settings_routes.TestContactSettings" name="test_put_contact_info" time="0.130" /><testcase classname="backend.tests.test_settings_routes.TestSecuritySettings" name="test_get_security_settings" time="0.158" /><testcase classname="backend.tests.test_settings_routes.TestSecuritySettings" name="test_put_security_settings" time="0.176" /><testcase classname="backend.tests.test_settings_routes.TestAccountSettings" name="test_get_account_settings" time="0.133" /><testcase classname="backend.tests.test_settings_routes.TestAccountSettings" name="test_put_account_settings" time="0.210" /><testcase classname="backend.tests.test_settings_routes.TestTitlesEndpoint" name="test_get_titles" time="0.103" /><testcase classname="backend.tests.test_settings_routes.TestActiveSessionsEndpoint" name="test_get_active_sessions" time="0.115" /></testsuite></testsuites>