<?xml version="1.0" encoding="utf-8"?><testsuites name="pytest tests"><testsuite name="pytest" errors="0" failures="0" skipped="0" tests="16" time="8.190" timestamp="2026-03-12T11:18:31.744883+00:00" hostname="agent-env-d852f86c-b2a6-4a34-bf3b-0a5584318ec2"><testcase classname="backend.tests.test_bulk_import_export.TestBulkImportExport" name="test_admin_login" time="0.815" /><testcase classname="backend.tests.test_bulk_import_export.TestBulkImportExport" name="test_download_students_template" time="0.397" /><testcase classname="backend.tests.test_bulk_import_export.TestBulkImportExport" name="test_download_teachers_template" time="0.401" /><testcase classname="backend.tests.test_bulk_import_export.TestBulkImportExport" name="test_template_invalid_type" time="0.380" /><testcase classname="backend.tests.test_bulk_import_export.TestBulkImportExport" name="test_export_students" time="0.462" /><testcase classname="backend.tests.test_bulk_import_export.TestBulkImportExport" name="test_export_teachers" time="0.400" /><testcase classname="backend.tests.test_bulk_import_export.TestBulkImportExport" name="test_export_schedule" time="0.380" /><testcase classname="backend.tests.test_bulk_import_export.TestBulkImportExport" name="test_export_attendance" time="0.681" /><testcase classname="backend.tests.test_bulk_import_export.TestBulkImportExport" name="test_export_grades" time="1.016" /><testcase classname="backend.tests.test_bulk_import_export.TestBulkImportExport" name="test_export_csv_format" time="0.425" /><testcase classname="backend.tests.test_bulk_import_export.TestBulkImportExport" name="test_export_invalid_type" time="0.475" /><testcase classname="backend.tests.test_bulk_import_export.TestBulkImportExport" name="test_import_without_file" time="0.397" /><testcase classname="backend.tests.test_bulk_import_export.TestBulkImportExport" name="test_import_invalid_file_type" time="0.441" /><testcase classname="backend.tests.test_bulk_import_export.TestBulkImportExport" name="test_template_requires_auth" time="0.440" /><testcase classname="backend.tests.test_bulk_import_export.TestBulkImportExport" name="test_export_requires_auth" time="0.450" /><testcase classname="backend.tests.test_bulk_import_export.TestBulkImportExport" name="test_import_requires_auth" time="0.452" /></testsuite></testsuites>