<?xml version="1.0" encoding="utf-8"?><testsuites name="pytest tests"><testsuite name="pytest" errors="0" failures="0" skipped="0" tests="13" time="5.033" timestamp="2026-03-13T18:09:32.052314+00:00" hostname="agent-env-a51dd234-e9b8-4455-ac9f-7349869e5a00"><testcase classname="backend.tests.test_iteration_81.TestAuthentication" name="test_login_success" time="0.424" /><testcase classname="backend.tests.test_iteration_81.TestStudentEditWithoutEmail" name="test_get_students_list" time="0.518" /><testcase classname="backend.tests.test_iteration_81.TestStudentEditWithoutEmail" name="test_update_student_without_email" time="0.451" /><testcase classname="backend.tests.test_iteration_81.TestStudentEditWithoutEmail" name="test_update_student_with_empty_string_email_should_be_ignored" time="0.237" /><testcase classname="backend.tests.test_iteration_81.TestStudentEditWithoutEmail" name="test_update_student_with_valid_email" time="0.253" /><testcase classname="backend.tests.test_iteration_81.TestTeacherAssignmentsTab" name="test_get_teachers_list" time="0.471" /><testcase classname="backend.tests.test_iteration_81.TestTeacherAssignmentsTab" name="test_get_subjects_list" time="0.136" /><testcase classname="backend.tests.test_iteration_81.TestTeacherAssignmentsTab" name="test_get_teacher_assignments" time="0.150" /><testcase classname="backend.tests.test_iteration_81.TestTeacherAssignmentsTab" name="test_create_teacher_assignment" time="0.620" /><testcase classname="backend.tests.test_iteration_81.TestClassesTab" name="test_get_classes_list" time="0.797" /><testcase classname="backend.tests.test_iteration_81.TestClassesTab" name="test_classes_have_required_fields" time="0.214" /><testcase classname="backend.tests.test_iteration_81.TestSchoolSettingsAPIs" name="test_get_school_settings" time="0.475" /><testcase classname="backend.tests.test_iteration_81.TestSchoolSettingsAPIs" name="test_get_official_curriculum_stats" time="0.207" /></testsuite></testsuites>