<?xml version="1.0" encoding="utf-8"?><testsuites name="pytest tests"><testsuite name="pytest" errors="0" failures="0" skipped="0" tests="14" time="9.613" timestamp="2026-03-12T22:01:00.267939+00:00" hostname="agent-env-b11ff171-eaba-4f14-a956-b96709858d17"><testcase classname="backend.tests.test_student_wizard.TestAuthentication" name="test_principal_login" time="0.497" /><testcase classname="backend.tests.test_student_wizard.TestAuthentication" name="test_admin_login" time="0.366" /><testcase classname="backend.tests.test_student_wizard.TestGradesAndClasses" name="test_get_reference_grades" time="0.725" /><testcase classname="backend.tests.test_student_wizard.TestGradesAndClasses" name="test_get_classes" time="0.567" /><testcase classname="backend.tests.test_student_wizard.TestGradesAndClasses" name="test_get_academic_structure" time="0.506" /><testcase classname="backend.tests.test_student_wizard.TestStudentWizardAPI" name="test_check_parent_no_params" time="0.519" /><testcase classname="backend.tests.test_student_wizard.TestStudentWizardAPI" name="test_check_parent_with_phone" time="0.502" /><testcase classname="backend.tests.test_student_wizard.TestStudentWizardAPI" name="test_create_student_minimal" time="1.004" /><testcase classname="backend.tests.test_student_wizard.TestStudentWizardAPI" name="test_create_student_with_class" time="1.083" /><testcase classname="backend.tests.test_student_wizard.TestStudentWizardAPI" name="test_create_student_with_health_info" time="0.948" /><testcase classname="backend.tests.test_student_wizard.TestStudentWizardAPI" name="test_create_student_link_existing_parent" time="1.420" /><testcase classname="backend.tests.test_student_wizard.TestStudentWizardValidation" name="test_create_student_missing_name" time="0.451" /><testcase classname="backend.tests.test_student_wizard.TestStudentWizardValidation" name="test_create_student_without_auth" time="0.452" /><testcase classname="backend.tests.test_student_wizard.TestCleanup" name="test_cleanup_test_students" time="0.447" /></testsuite></testsuites>