<?xml version="1.0" encoding="utf-8"?><testsuites name="pytest tests"><testsuite name="pytest" errors="0" failures="0" skipped="0" tests="12" time="5.386" timestamp="2026-03-11T11:17:44.117286+00:00" hostname="agent-env-4337c4f9-1d25-4675-b6a0-4e2772f2f704"><testcase classname="backend.tests.test_iteration_47_fixes.TestAuthAPI" name="test_login_platform_admin" time="0.397" /><testcase classname="backend.tests.test_iteration_47_fixes.TestUsersManagementAPI" name="test_get_platform_users_list" time="0.443" /><testcase classname="backend.tests.test_iteration_47_fixes.TestUsersManagementAPI" name="test_get_platform_users_with_pagination" time="0.118" /><testcase classname="backend.tests.test_iteration_47_fixes.TestUsersManagementAPI" name="test_get_platform_users_with_role_filter" time="0.109" /><testcase classname="backend.tests.test_iteration_47_fixes.TestUsersManagementAPI" name="test_get_platform_users_with_search" time="0.103" /><testcase classname="backend.tests.test_iteration_47_fixes.TestDashboardAPIs" name="test_dashboard_stats" time="0.104" /><testcase classname="backend.tests.test_iteration_47_fixes.TestDashboardAPIs" name="test_dashboard_with_type_filter" time="0.118" /><testcase classname="backend.tests.test_iteration_47_fixes.TestDashboardAPIs" name="test_dashboard_with_school_filter" time="0.119" /><testcase classname="backend.tests.test_iteration_47_fixes.TestDashboardAPIs" name="test_dashboard_with_time_window" time="0.118" /><testcase classname="backend.tests.test_iteration_47_fixes.TestSchoolsAPI" name="test_get_schools_list" time="0.101" /><testcase classname="backend.tests.test_iteration_47_fixes.TestHakimAPI" name="test_hakim_chat" time="3.450" /><testcase classname="backend.tests.test_iteration_47_fixes.TestNotificationsAPI" name="test_get_unread_count" time="0.141" /></testsuite></testsuites>