<?xml version="1.0" encoding="utf-8"?><testsuites name="pytest tests"><testsuite name="pytest" errors="0" failures="0" skipped="0" tests="13" time="5.190" timestamp="2026-03-08T18:20:20.519777+00:00" hostname="agent-env-e91c04ec-0981-4e2c-a732-04c09d9b7f3c"><testcase classname="tests.test_nassaq_features.TestAuthAPI" name="test_login_success" time="0.364" /><testcase classname="tests.test_nassaq_features.TestAuthAPI" name="test_login_invalid_credentials" time="0.112" /><testcase classname="tests.test_nassaq_features.TestDashboardStatsAPI" name="test_dashboard_stats_requires_auth" time="0.116" /><testcase classname="tests.test_nassaq_features.TestDashboardStatsAPI" name="test_dashboard_stats_returns_data" time="0.504" /><testcase classname="tests.test_nassaq_features.TestDashboardStatsAPI" name="test_dashboard_stats_values_match_traction" time="0.541" /><testcase classname="tests.test_nassaq_features.TestSeedDemoDataAPI" name="test_seed_demo_data_endpoint_exists" time="0.120" /><testcase classname="tests.test_nassaq_features.TestSeedDemoDataAPI" name="test_seed_demo_data_returns_counts" time="0.149" /><testcase classname="tests.test_nassaq_features.TestSchoolsAPI" name="test_get_schools_list" time="0.450" /><testcase classname="tests.test_nassaq_features.TestTeachersAPI" name="test_get_teachers_list" time="0.517" /><testcase classname="tests.test_nassaq_features.TestStudentsAPI" name="test_get_students_list" time="0.628" /><testcase classname="tests.test_nassaq_features.TestClassesAPI" name="test_get_classes_list" time="0.506" /><testcase classname="tests.test_nassaq_features.TestSubjectsAPI" name="test_get_subjects_list" time="0.536" /><testcase classname="tests.test_nassaq_features.TestRegistrationRequestsAPI" name="test_get_registration_requests" time="0.528" /></testsuite></testsuites>