<?xml version="1.0" encoding="utf-8"?><testsuites name="pytest tests"><testsuite name="pytest" errors="0" failures="0" skipped="0" tests="14" time="6.205" timestamp="2026-03-12T15:32:23.845837+00:00" hostname="agent-env-92543b0a-2359-4eab-b80a-603aaecca322"><testcase classname="backend.tests.test_command_center_stats.TestAuthentication" name="test_admin_login" time="0.404" /><testcase classname="backend.tests.test_command_center_stats.TestAuthentication" name="test_principal1_login" time="0.334" /><testcase classname="backend.tests.test_command_center_stats.TestAuthentication" name="test_principal4_login" time="0.327" /><testcase classname="backend.tests.test_command_center_stats.TestCommandCenterStats" name="test_command_center_stats_endpoint" time="0.460" /><testcase classname="backend.tests.test_command_center_stats.TestCommandCenterStats" name="test_teachers_count_is_10" time="0.469" /><testcase classname="backend.tests.test_command_center_stats.TestCommandCenterStats" name="test_students_count_is_50" time="0.465" /><testcase classname="backend.tests.test_command_center_stats.TestCommandCenterStats" name="test_schools_count_is_2" time="0.490" /><testcase classname="backend.tests.test_command_center_stats.TestCommandCenterStats" name="test_unauthorized_access" time="0.115" /><testcase classname="backend.tests.test_command_center_stats.TestCommandCenterStats" name="test_non_admin_access_denied" time="0.468" /><testcase classname="backend.tests.test_command_center_stats.TestTeachersAPI" name="test_total_teachers_count" time="0.505" /><testcase classname="backend.tests.test_command_center_stats.TestTeachersAPI" name="test_school_001_teachers" time="0.487" /><testcase classname="backend.tests.test_command_center_stats.TestTeachersAPI" name="test_school_002_teachers" time="0.463" /><testcase classname="backend.tests.test_command_center_stats.TestSchoolDashboard" name="test_school_dashboard_stats" time="0.700" /><testcase classname="backend.tests.test_command_center_stats.TestSchoolSettings" name="test_school_settings_returns_data" time="0.449" /></testsuite></testsuites>