<?xml version="1.0" encoding="utf-8"?><testsuites name="pytest tests"><testsuite name="pytest" errors="0" failures="0" skipped="0" tests="20" time="8.495" timestamp="2026-03-12T04:13:14.080181+00:00" hostname="agent-env-9ab2e6d5-0286-48ed-ac33-8569dc26cb9f"><testcase classname="backend.tests.test_student_parent_portal.TestStudentLogin" name="test_student_login_success" time="0.395" /><testcase classname="backend.tests.test_student_parent_portal.TestStudentLogin" name="test_student_login_invalid_password" time="0.340" /><testcase classname="backend.tests.test_student_parent_portal.TestStudentPortalDashboard" name="test_dashboard_returns_student_info" time="0.480" /><testcase classname="backend.tests.test_student_parent_portal.TestStudentPortalDashboard" name="test_dashboard_returns_attendance_stats" time="0.493" /><testcase classname="backend.tests.test_student_parent_portal.TestStudentPortalDashboard" name="test_dashboard_returns_recent_grades" time="0.512" /><testcase classname="backend.tests.test_student_parent_portal.TestStudentPortalDashboard" name="test_dashboard_requires_auth" time="0.108" /><testcase classname="backend.tests.test_student_parent_portal.TestStudentGrades" name="test_grades_returns_subjects" time="0.454" /><testcase classname="backend.tests.test_student_parent_portal.TestStudentGrades" name="test_grades_requires_auth" time="0.103" /><testcase classname="backend.tests.test_student_parent_portal.TestStudentAttendance" name="test_attendance_returns_records" time="0.456" /><testcase classname="backend.tests.test_student_parent_portal.TestStudentAttendance" name="test_attendance_filter_by_month" time="0.427" /><testcase classname="backend.tests.test_student_parent_portal.TestStudentSchedule" name="test_schedule_returns_days" time="0.432" /><testcase classname="backend.tests.test_student_parent_portal.TestParentLogin" name="test_parent_login_success" time="0.335" /><testcase classname="backend.tests.test_student_parent_portal.TestParentPortalDashboard" name="test_dashboard_returns_parent_info" time="0.470" /><testcase classname="backend.tests.test_student_parent_portal.TestParentPortalDashboard" name="test_dashboard_returns_children" time="0.493" /><testcase classname="backend.tests.test_student_parent_portal.TestParentPortalDashboard" name="test_dashboard_requires_auth" time="0.101" /><testcase classname="backend.tests.test_student_parent_portal.TestParentChildDetails" name="test_child_details" time="0.587" /><testcase classname="backend.tests.test_student_parent_portal.TestParentChildDetails" name="test_child_grades" time="0.586" /><testcase classname="backend.tests.test_student_parent_portal.TestParentChildDetails" name="test_child_attendance" time="0.574" /><testcase classname="backend.tests.test_student_parent_portal.TestParentChildDetails" name="test_child_schedule" time="0.589" /><testcase classname="backend.tests.test_student_parent_portal.TestParentChildDetails" name="test_unauthorized_child_access" time="0.433" /></testsuite></testsuites>