<?xml version="1.0" encoding="utf-8"?><testsuites name="pytest tests"><testsuite name="pytest" errors="0" failures="0" skipped="0" tests="21" time="5.148" timestamp="2026-03-09T20:27:52.120254+00:00" hostname="agent-env-98425373-a38d-4235-bdca-ccec9d80c78c"><testcase classname="backend.tests.test_user_integrations_analytics.TestAuth" name="test_login_success" time="0.451" /><testcase classname="backend.tests.test_user_integrations_analytics.TestUserManagement" name="test_get_user_by_id" time="0.627" /><testcase classname="backend.tests.test_user_integrations_analytics.TestUserManagement" name="test_update_user" time="0.124" /><testcase classname="backend.tests.test_user_integrations_analytics.TestUserManagement" name="test_update_user_permissions" time="0.167" /><testcase classname="backend.tests.test_user_integrations_analytics.TestUserManagement" name="test_reset_password" time="0.347" /><testcase classname="backend.tests.test_user_integrations_analytics.TestUserManagement" name="test_suspend_user" time="0.129" /><testcase classname="backend.tests.test_user_integrations_analytics.TestUserManagement" name="test_send_notification" time="0.161" /><testcase classname="backend.tests.test_user_integrations_analytics.TestUserManagement" name="test_get_user_activity" time="0.120" /><testcase classname="backend.tests.test_user_integrations_analytics.TestIntegrations" name="test_get_integrations" time="0.490" /><testcase classname="backend.tests.test_user_integrations_analytics.TestIntegrations" name="test_create_integration" time="0.127" /><testcase classname="backend.tests.test_user_integrations_analytics.TestIntegrations" name="test_get_integration_by_id" time="0.258" /><testcase classname="backend.tests.test_user_integrations_analytics.TestIntegrations" name="test_update_integration" time="0.129" /><testcase classname="backend.tests.test_user_integrations_analytics.TestIntegrations" name="test_toggle_integration" time="0.118" /><testcase classname="backend.tests.test_user_integrations_analytics.TestIntegrations" name="test_test_connection" time="0.105" /><testcase classname="backend.tests.test_user_integrations_analytics.TestIntegrations" name="test_sync_integration" time="0.109" /><testcase classname="backend.tests.test_user_integrations_analytics.TestIntegrations" name="test_get_integration_logs" time="0.131" /><testcase classname="backend.tests.test_user_integrations_analytics.TestIntegrations" name="test_delete_integration" time="0.120" /><testcase classname="backend.tests.test_user_integrations_analytics.TestAnalytics" name="test_get_analytics_overview" time="0.626" /><testcase classname="backend.tests.test_user_integrations_analytics.TestAnalytics" name="test_get_analytics_reports" time="0.111" /><testcase classname="backend.tests.test_user_integrations_analytics.TestAnalytics" name="test_get_ai_insights" time="0.125" /><testcase classname="backend.tests.test_user_integrations_analytics.TestDashboardStats" name="test_get_dashboard_stats" time="0.498" /></testsuite></testsuites>