<?xml version="1.0" encoding="utf-8"?><testsuites name="pytest tests"><testsuite name="pytest" errors="0" failures="0" skipped="0" tests="17" time="11.678" timestamp="2026-03-10T21:14:41.192311+00:00" hostname="agent-env-21310e14-bd2e-4de1-bfb3-a24e3d33906f"><testcase classname="backend.tests.test_dashboard_apis.TestDashboardAPIs" name="test_teacher_dashboard_api_exists" time="0.799" /><testcase classname="backend.tests.test_dashboard_apis.TestDashboardAPIs" name="test_teacher_dashboard_returns_correct_structure" time="0.784" /><testcase classname="backend.tests.test_dashboard_apis.TestDashboardAPIs" name="test_teacher_dashboard_invalid_id_returns_404" time="0.808" /><testcase classname="backend.tests.test_dashboard_apis.TestDashboardAPIs" name="test_teacher_dashboard_requires_auth" time="0.809" /><testcase classname="backend.tests.test_dashboard_apis.TestDashboardAPIs" name="test_student_dashboard_api_exists" time="0.697" /><testcase classname="backend.tests.test_dashboard_apis.TestDashboardAPIs" name="test_student_dashboard_returns_correct_structure" time="0.821" /><testcase classname="backend.tests.test_dashboard_apis.TestDashboardAPIs" name="test_student_dashboard_invalid_id_returns_404" time="0.687" /><testcase classname="backend.tests.test_dashboard_apis.TestDashboardAPIs" name="test_student_dashboard_requires_auth" time="0.839" /><testcase classname="backend.tests.test_dashboard_apis.TestDashboardAPIs" name="test_parent_dashboard_api_exists" time="0.696" /><testcase classname="backend.tests.test_dashboard_apis.TestDashboardAPIs" name="test_parent_dashboard_returns_correct_structure" time="0.692" /><testcase classname="backend.tests.test_dashboard_apis.TestDashboardAPIs" name="test_parent_dashboard_invalid_id_returns_404" time="0.739" /><testcase classname="backend.tests.test_dashboard_apis.TestDashboardAPIs" name="test_parent_dashboard_requires_auth" time="0.739" /><testcase classname="backend.tests.test_dashboard_apis.TestDashboardAPIs" name="test_contact_teacher_api_exists" time="0.696" /><testcase classname="backend.tests.test_dashboard_apis.TestDashboardAPIs" name="test_contact_teacher_requires_parent_role" time="0.693" /><testcase classname="backend.tests.test_dashboard_apis.TestDashboardAPIs" name="test_contact_teacher_requires_auth" time="0.881" /><testcase classname="backend.tests.test_dashboard_apis.TestLandingPageText" name="test_landing_page_loads" time="0.120" /><testcase classname="backend.tests.test_dashboard_apis.TestLandingPageText" name="test_public_stats_api" time="0.106" /></testsuite></testsuites>