<?xml version="1.0" encoding="utf-8"?><testsuites name="pytest tests"><testsuite name="pytest" errors="0" failures="0" skipped="1" tests="16" time="9.205" timestamp="2026-03-13T00:55:55.011876+00:00" hostname="agent-env-ef6c8e17-21fc-4a66-9e8b-4b759c063e62"><testcase classname="backend.tests.test_session_management_assignments.TestSessionManagementAPIs" name="test_update_session_change_teacher" time="0.960" /><testcase classname="backend.tests.test_session_management_assignments.TestSessionManagementAPIs" name="test_update_session_invalid_id" time="0.395" /><testcase classname="backend.tests.test_session_management_assignments.TestSessionManagementAPIs" name="test_update_session_empty_request" time="0.843" /><testcase classname="backend.tests.test_session_management_assignments.TestSessionManagementAPIs" name="test_delete_session" time="0.982" /><testcase classname="backend.tests.test_session_management_assignments.TestSessionManagementAPIs" name="test_delete_session_invalid_id" time="0.477" /><testcase classname="backend.tests.test_session_management_assignments.TestSessionManagementAPIs" name="test_swap_sessions" time="0.972" /><testcase classname="backend.tests.test_session_management_assignments.TestSessionManagementAPIs" name="test_swap_sessions_invalid_ids" time="0.399" /><testcase classname="backend.tests.test_session_management_assignments.TestSessionManagementAPIs" name="test_swap_sessions_same_session" time="0.633" /><testcase classname="backend.tests.test_session_management_assignments.TestStudentAssignmentsAPI" name="test_get_assignments_api_exists" time="0.467" /><testcase classname="backend.tests.test_session_management_assignments.TestStudentAssignmentsAPI" name="test_get_assignments_with_status_filter" time="0.406"><skipped type="pytest.skip" message="Need student account for this test">/app/backend/tests/test_session_management_assignments.py:346: Need student account for this test</skipped></testcase><testcase classname="backend.tests.test_session_management_assignments.TestStudentAssignmentsWithPrincipal" name="test_assignments_api_requires_student_role" time="0.413" /><testcase classname="backend.tests.test_session_management_assignments.TestStudentAssignmentsWithPrincipal" name="test_student_portal_dashboard_requires_student_role" time="0.436" /><testcase classname="backend.tests.test_session_management_assignments.TestAPIEndpointsExist" name="test_put_session_endpoint_exists" time="0.460" /><testcase classname="backend.tests.test_session_management_assignments.TestAPIEndpointsExist" name="test_delete_session_endpoint_exists" time="0.459" /><testcase classname="backend.tests.test_session_management_assignments.TestAPIEndpointsExist" name="test_swap_sessions_endpoint_exists" time="0.427" /><testcase classname="backend.tests.test_session_management_assignments.TestAPIEndpointsExist" name="test_student_assignments_endpoint_exists" time="0.405" /></testsuite></testsuites>