<?xml version="1.0" encoding="utf-8"?><testsuites name="pytest tests"><testsuite name="pytest" errors="0" failures="0" skipped="0" tests="18" time="6.307" timestamp="2026-03-13T00:12:02.892849+00:00" hostname="agent-env-ef6c8e17-21fc-4a66-9e8b-4b759c063e62"><testcase classname="backend.tests.test_smart_scheduling.TestSmartSchedulingAuth" name="test_login_success" time="0.525" /><testcase classname="backend.tests.test_smart_scheduling.TestSmartSchedulingValidation" name="test_validate_data_readiness" time="0.481" /><testcase classname="backend.tests.test_smart_scheduling.TestSmartSchedulingValidation" name="test_validate_invalid_school" time="0.172" /><testcase classname="backend.tests.test_smart_scheduling.TestSmartSchedulingPreCheck" name="test_pre_scheduling_check" time="0.489" /><testcase classname="backend.tests.test_smart_scheduling.TestSmartSchedulingMatrices" name="test_demand_matrix" time="0.523" /><testcase classname="backend.tests.test_smart_scheduling.TestSmartSchedulingMatrices" name="test_resource_matrix" time="0.123" /><testcase classname="backend.tests.test_smart_scheduling.TestSmartSchedulingTimetables" name="test_get_school_timetables" time="0.483" /><testcase classname="backend.tests.test_smart_scheduling.TestSmartSchedulingTimetables" name="test_get_timetable_details" time="0.119" /><testcase classname="backend.tests.test_smart_scheduling.TestSmartSchedulingTimetables" name="test_get_nonexistent_timetable" time="0.121" /><testcase classname="backend.tests.test_smart_scheduling.TestSmartSchedulingSessions" name="test_get_timetable_sessions" time="0.546" /><testcase classname="backend.tests.test_smart_scheduling.TestSmartSchedulingSessions" name="test_get_sessions_with_filters" time="0.147" /><testcase classname="backend.tests.test_smart_scheduling.TestSmartSchedulingConflicts" name="test_get_timetable_conflicts" time="0.486" /><testcase classname="backend.tests.test_smart_scheduling.TestSmartSchedulingGeneration" name="test_generate_timetable" time="0.536" /><testcase classname="backend.tests.test_smart_scheduling.TestSmartSchedulingDelete" name="test_delete_nonexistent_timetable" time="0.501" /><testcase classname="backend.tests.test_smart_scheduling.TestSmartSchedulingDelete" name="test_delete_timetable_flow" time="0.507" /><testcase classname="backend.tests.test_smart_scheduling.TestSmartSchedulingUnauthorized" name="test_validate_without_auth" time="0.148" /><testcase classname="backend.tests.test_smart_scheduling.TestSmartSchedulingUnauthorized" name="test_generate_without_auth" time="0.141" /><testcase classname="backend.tests.test_smart_scheduling.TestSmartSchedulingUnauthorized" name="test_delete_without_auth" time="0.118" /></testsuite></testsuites>