<?xml version="1.0" encoding="utf-8"?><testsuites name="pytest tests"><testsuite name="pytest" errors="0" failures="0" skipped="0" tests="9" time="5.506" timestamp="2026-03-09T19:07:23.955003+00:00" hostname="agent-env-9f6f215f-b66c-4677-bc76-7c8ee7107f8e"><testcase classname="backend.tests.test_user_creation_flow.TestUserCreationAPI" name="test_create_user_with_platform_admin_role" time="0.759" /><testcase classname="backend.tests.test_user_creation_flow.TestUserCreationAPI" name="test_create_user_with_operations_manager_role" time="0.697" /><testcase classname="backend.tests.test_user_creation_flow.TestUserCreationAPI" name="test_create_user_with_teacher_role" time="0.664" /><testcase classname="backend.tests.test_user_creation_flow.TestUserCreationAPI" name="test_create_user_with_testing_account_role" time="0.750" /><testcase classname="backend.tests.test_user_creation_flow.TestUserCreationAPI" name="test_create_user_duplicate_email_fails" time="0.479" /><testcase classname="backend.tests.test_user_creation_flow.TestUserCreationAPI" name="test_create_user_invalid_role_fails" time="0.534" /><testcase classname="backend.tests.test_user_creation_flow.TestUserCreationAPI" name="test_get_platform_users" time="0.470" /><testcase classname="backend.tests.test_user_creation_flow.TestTenantsManagementAPI" name="test_get_schools_list" time="0.463" /><testcase classname="backend.tests.test_user_creation_flow.TestTenantsManagementAPI" name="test_get_dashboard_stats" time="0.574" /></testsuite></testsuites>