<?xml version="1.0" encoding="utf-8"?><testsuites name="pytest tests"><testsuite name="pytest" errors="0" failures="0" skipped="0" tests="12" time="3.699" timestamp="2026-03-09T23:29:33.066909+00:00" hostname="agent-env-6287cbc6-72a1-44a4-b8d1-773e13a83086"><testcase classname="backend.tests.test_iteration_32.TestAuthentication" name="test_login_success" time="0.410" /><testcase classname="backend.tests.test_iteration_32.TestPublicEndpoints" name="test_public_contact_info" time="0.157" /><testcase classname="backend.tests.test_iteration_32.TestSchedulingAPI" name="test_scheduling_schedules_endpoint" time="0.487" /><testcase classname="backend.tests.test_iteration_32.TestSchedulingAPI" name="test_scheduling_time_slots_endpoint" time="0.152" /><testcase classname="backend.tests.test_iteration_32.TestAttendanceAPI" name="test_attendance_alerts_low_attendance" time="0.531" /><testcase classname="backend.tests.test_iteration_32.TestAttendanceAPI" name="test_attendance_alerts_consecutive_absences" time="0.109" /><testcase classname="backend.tests.test_iteration_32.TestAssessmentAPI" name="test_assessments_list_endpoint" time="0.429" /><testcase classname="backend.tests.test_iteration_32.TestAuditAPI" name="test_audit_stats_endpoint" time="0.508" /><testcase classname="backend.tests.test_iteration_32.TestAuditAPI" name="test_audit_critical_events_endpoint" time="0.119" /><testcase classname="backend.tests.test_iteration_32.TestAuditAPI" name="test_audit_logs_endpoint" time="0.123" /><testcase classname="backend.tests.test_iteration_32.TestAuditAPI" name="test_audit_login_analytics_endpoint" time="0.112" /><testcase classname="backend.tests.test_iteration_32.TestDashboardStats" name="test_dashboard_stats" time="0.497" /></testsuite></testsuites>