<?xml version="1.0" encoding="utf-8"?><testsuites name="pytest tests"><testsuite name="pytest" errors="0" failures="0" skipped="0" tests="11" time="5.488" timestamp="2026-03-09T17:31:36.832253+00:00" hostname="agent-env-f4083f42-aba7-42fc-b15d-a4cca5b039c9"><testcase classname="tests.test_user_creation_api.TestUserCreationEndpoint" name="test_create_teacher_with_all_fields" time="0.750" /><testcase classname="tests.test_user_creation_api.TestUserCreationEndpoint" name="test_create_teacher_minimal_fields" time="0.401" /><testcase classname="tests.test_user_creation_api.TestUserCreationEndpoint" name="test_create_platform_operations_manager" time="0.340" /><testcase classname="tests.test_user_creation_api.TestUserCreationEndpoint" name="test_create_user_duplicate_email" time="0.444" /><testcase classname="tests.test_user_creation_api.TestUserCreationEndpoint" name="test_create_user_invalid_role" time="0.124" /><testcase classname="tests.test_user_creation_api.TestUserCreationEndpoint" name="test_create_user_all_allowed_roles" time="2.738" /><testcase classname="tests.test_user_creation_api.TestUserCreationValidation" name="test_missing_email" time="0.138" /><testcase classname="tests.test_user_creation_api.TestUserCreationValidation" name="test_invalid_email_format" time="0.111" /><testcase classname="tests.test_user_creation_api.TestUserCreationValidation" name="test_missing_password" time="0.126" /><testcase classname="tests.test_user_creation_api.TestUserCreationAuthorization" name="test_unauthenticated_request" time="0.133" /><testcase classname="tests.test_user_creation_api.TestUserCreationAuthorization" name="test_invalid_token" time="0.116" /></testsuite></testsuites>