<?xml version="1.0" encoding="utf-8"?><testsuites name="pytest tests"><testsuite name="pytest" errors="0" failures="0" skipped="0" tests="22" time="5.530" timestamp="2026-03-08T17:12:53.093915+00:00" hostname="agent-env-67107d3f-00f5-461d-9c77-6a0fed578f02"><testcase classname="backend.tests.test_management_api.TestTeachersAPI" name="test_get_teachers_list" time="0.576" /><testcase classname="backend.tests.test_management_api.TestTeachersAPI" name="test_create_teacher" time="0.495" /><testcase classname="backend.tests.test_management_api.TestTeachersAPI" name="test_create_teacher_duplicate_email" time="0.455" /><testcase classname="backend.tests.test_management_api.TestTeachersAPI" name="test_get_teacher_by_id" time="0.429" /><testcase classname="backend.tests.test_management_api.TestTeachersAPI" name="test_delete_teacher" time="0.470" /><testcase classname="backend.tests.test_management_api.TestStudentsAPI" name="test_get_students_list" time="0.109" /><testcase classname="backend.tests.test_management_api.TestStudentsAPI" name="test_create_student" time="0.137" /><testcase classname="backend.tests.test_management_api.TestStudentsAPI" name="test_get_student_by_id" time="0.222" /><testcase classname="backend.tests.test_management_api.TestStudentsAPI" name="test_delete_student" time="0.228" /><testcase classname="backend.tests.test_management_api.TestClassesAPI" name="test_get_classes_list" time="0.113" /><testcase classname="backend.tests.test_management_api.TestClassesAPI" name="test_create_class" time="0.125" /><testcase classname="backend.tests.test_management_api.TestClassesAPI" name="test_get_class_by_id" time="0.283" /><testcase classname="backend.tests.test_management_api.TestClassesAPI" name="test_delete_class" time="0.244" /><testcase classname="backend.tests.test_management_api.TestSubjectsAPI" name="test_get_subjects_list" time="0.148" /><testcase classname="backend.tests.test_management_api.TestSubjectsAPI" name="test_create_subject" time="0.117" /><testcase classname="backend.tests.test_management_api.TestSubjectsAPI" name="test_get_subject_by_id" time="0.228" /><testcase classname="backend.tests.test_management_api.TestSubjectsAPI" name="test_update_subject" time="0.343" /><testcase classname="backend.tests.test_management_api.TestSubjectsAPI" name="test_delete_subject" time="0.220" /><testcase classname="backend.tests.test_management_api.TestUnauthorizedAccess" name="test_teachers_unauthorized" time="0.129" /><testcase classname="backend.tests.test_management_api.TestUnauthorizedAccess" name="test_students_unauthorized" time="0.126" /><testcase classname="backend.tests.test_management_api.TestUnauthorizedAccess" name="test_classes_unauthorized" time="0.096" /><testcase classname="backend.tests.test_management_api.TestUnauthorizedAccess" name="test_subjects_unauthorized" time="0.103" /></testsuite></testsuites>