<?xml version="1.0" encoding="utf-8"?><testsuites name="pytest tests"><testsuite name="pytest" errors="0" failures="0" skipped="0" tests="11" time="5.374" timestamp="2026-03-10T08:53:21.347382+00:00" hostname="agent-env-d9131698-4593-4c4e-b140-17be55574819"><testcase classname="backend.tests.test_school_dashboard.TestPrincipalLogin" name="test_principal_login_success" time="0.463" /><testcase classname="backend.tests.test_school_dashboard.TestPrincipalLogin" name="test_principal_login_invalid_password" time="0.346" /><testcase classname="backend.tests.test_school_dashboard.TestSchoolDashboardAPI" name="test_dashboard_returns_200" time="0.475" /><testcase classname="backend.tests.test_school_dashboard.TestSchoolDashboardAPI" name="test_dashboard_metrics_structure" time="0.546" /><testcase classname="backend.tests.test_school_dashboard.TestSchoolDashboardAPI" name="test_dashboard_attendance_structure" time="0.532" /><testcase classname="backend.tests.test_school_dashboard.TestSchoolDashboardAPI" name="test_dashboard_interventions_structure" time="0.460" /><testcase classname="backend.tests.test_school_dashboard.TestSchoolDashboardAPI" name="test_dashboard_alerts_structure" time="0.517" /><testcase classname="backend.tests.test_school_dashboard.TestSchoolDashboardAPI" name="test_dashboard_data_values" time="0.466" /><testcase classname="backend.tests.test_school_dashboard.TestSchoolDashboardAPI" name="test_dashboard_unauthorized_access" time="0.438" /><testcase classname="backend.tests.test_school_dashboard.TestAuthMe" name="test_auth_me_returns_principal_info" time="0.471" /><testcase classname="backend.tests.test_school_dashboard.TestDashboardStats" name="test_dashboard_stats_returns_200" time="0.498" /></testsuite></testsuites>