<?xml version="1.0" encoding="utf-8"?><testsuites name="pytest tests"><testsuite name="pytest" errors="0" failures="0" skipped="0" tests="26" time="3.968" timestamp="2026-03-13T17:05:06.148802+00:00" hostname="agent-env-a51dd234-e9b8-4455-ac9f-7349869e5a00"><testcase classname="backend.tests.test_official_curriculum_iter79.TestOfficialCurriculumStats" name="test_stats_returns_correct_counts" time="0.234" /><testcase classname="backend.tests.test_official_curriculum_iter79.TestOfficialCurriculumStages" name="test_stages_returns_three_stages" time="0.165" /><testcase classname="backend.tests.test_official_curriculum_iter79.TestOfficialCurriculumStages" name="test_stages_have_required_fields" time="0.146" /><testcase classname="backend.tests.test_official_curriculum_iter79.TestOfficialCurriculumStages" name="test_stages_ordered_correctly" time="0.128" /><testcase classname="backend.tests.test_official_curriculum_iter79.TestOfficialCurriculumTracks" name="test_tracks_returns_eight_tracks" time="0.156" /><testcase classname="backend.tests.test_official_curriculum_iter79.TestOfficialCurriculumTracks" name="test_tracks_have_required_fields" time="0.320" /><testcase classname="backend.tests.test_official_curriculum_iter79.TestOfficialCurriculumTracks" name="test_tracks_filter_by_stage" time="0.116" /><testcase classname="backend.tests.test_official_curriculum_iter79.TestOfficialCurriculumGrades" name="test_grades_returns_29_grades" time="0.168" /><testcase classname="backend.tests.test_official_curriculum_iter79.TestOfficialCurriculumGrades" name="test_grades_have_required_fields" time="0.154" /><testcase classname="backend.tests.test_official_curriculum_iter79.TestOfficialCurriculumGrades" name="test_grades_filter_by_stage" time="0.132" /><testcase classname="backend.tests.test_official_curriculum_iter79.TestOfficialCurriculumGrades" name="test_grades_enriched_with_stage_track_names" time="0.137" /><testcase classname="backend.tests.test_official_curriculum_iter79.TestOfficialCurriculumSubjects" name="test_subjects_returns_81_subjects" time="0.124" /><testcase classname="backend.tests.test_official_curriculum_iter79.TestOfficialCurriculumSubjects" name="test_subjects_have_required_fields" time="0.127" /><testcase classname="backend.tests.test_official_curriculum_iter79.TestOfficialCurriculumSubjects" name="test_subjects_filter_by_category" time="0.113" /><testcase classname="backend.tests.test_official_curriculum_iter79.TestOfficialCurriculumTeacherRankLoads" name="test_rank_loads_returns_seven_ranks" time="0.131" /><testcase classname="backend.tests.test_official_curriculum_iter79.TestOfficialCurriculumTeacherRankLoads" name="test_rank_loads_have_required_fields" time="0.121" /><testcase classname="backend.tests.test_official_curriculum_iter79.TestOfficialCurriculumTeacherRankLoads" name="test_rank_loads_weekly_periods_correct" time="0.133" /><testcase classname="backend.tests.test_official_curriculum_iter79.TestOfficialCurriculumTeacherRankLoads" name="test_rank_loads_special_ed_flags" time="0.117" /><testcase classname="backend.tests.test_official_curriculum_iter79.TestOfficialCurriculumGradeSubjects" name="test_grade_subjects_returns_data" time="0.118" /><testcase classname="backend.tests.test_official_curriculum_iter79.TestOfficialCurriculumGradeSubjects" name="test_grade_subjects_has_correct_structure" time="0.130" /><testcase classname="backend.tests.test_official_curriculum_iter79.TestOfficialCurriculumGradeSubjects" name="test_grade_subjects_summary" time="0.135" /><testcase classname="backend.tests.test_official_curriculum_iter79.TestOfficialCurriculumGradeSubjects" name="test_grade_subjects_not_found" time="0.115" /><testcase classname="backend.tests.test_official_curriculum_iter79.TestOfficialCurriculumStageFull" name="test_stage_full_returns_complete_curriculum" time="0.159" /><testcase classname="backend.tests.test_official_curriculum_iter79.TestOfficialCurriculumStageFull" name="test_stage_full_has_tracks_with_grades" time="0.153" /><testcase classname="backend.tests.test_official_curriculum_iter79.TestOfficialCurriculumStageFull" name="test_stage_full_grades_have_subjects" time="0.152" /><testcase classname="backend.tests.test_official_curriculum_iter79.TestOfficialCurriculumStageFull" name="test_stage_full_not_found" time="0.137" /></testsuite></testsuites>