<?xml version="1.0" encoding="utf-8"?><testsuites name="pytest tests"><testsuite name="pytest" errors="0" failures="0" skipped="0" tests="18" time="6.761" timestamp="2026-03-09T21:39:50.364893+00:00" hostname="agent-env-920bf09b-1939-4ba4-8ddb-96b005801bd1"><testcase classname="tests.test_platform_settings.TestPlatformSettingsAuth" name="test_login_success" time="0.374" /><testcase classname="tests.test_platform_settings.TestGetPlatformSettings" name="test_get_platform_settings_success" time="0.460" /><testcase classname="tests.test_platform_settings.TestGetPlatformSettings" name="test_get_platform_settings_unauthorized" time="0.119" /><testcase classname="tests.test_platform_settings.TestUpdateGeneralSettings" name="test_update_general_settings" time="0.455" /><testcase classname="tests.test_platform_settings.TestUpdateGeneralSettings" name="test_verify_general_settings_persisted" time="0.120" /><testcase classname="tests.test_platform_settings.TestUpdateBrandSettings" name="test_update_brand_settings" time="0.444" /><testcase classname="tests.test_platform_settings.TestUpdateContactSettings" name="test_update_contact_settings" time="0.447" /><testcase classname="tests.test_platform_settings.TestUpdateTermsSettings" name="test_update_terms_settings" time="0.428" /><testcase classname="tests.test_platform_settings.TestUpdatePrivacySettings" name="test_update_privacy_settings" time="0.456" /><testcase classname="tests.test_platform_settings.TestUpdateSecuritySettings" name="test_update_security_settings" time="0.606" /><testcase classname="tests.test_platform_settings.TestAPIKeysManagement" name="test_create_api_key" time="0.786" /><testcase classname="tests.test_platform_settings.TestAPIKeysManagement" name="test_get_api_keys" time="0.117" /><testcase classname="tests.test_platform_settings.TestAPIKeysManagement" name="test_revoke_api_key" time="0.620" /><testcase classname="tests.test_platform_settings.TestAPIKeysManagement" name="test_revoke_nonexistent_key" time="0.144" /><testcase classname="tests.test_platform_settings.TestLegalVersionHistory" name="test_get_terms_version_history" time="0.471" /><testcase classname="tests.test_platform_settings.TestLegalVersionHistory" name="test_get_privacy_version_history" time="0.109" /><testcase classname="tests.test_platform_settings.TestLegalVersionHistory" name="test_invalid_doc_type" time="0.103" /><testcase classname="tests.test_platform_settings.TestIntegrationsPage" name="test_get_integrations" time="0.445" /></testsuite></testsuites>