<?xml version="1.0" encoding="utf-8"?><testsuites name="pytest tests"><testsuite name="pytest" errors="0" failures="0" skipped="1" tests="13" time="6.538" timestamp="2026-03-11T22:01:55.828720+00:00" hostname="agent-env-864ab18f-c0b4-4694-a1ed-54a7a0933be8"><testcase classname="tests.test_teacher_module_apis.TestTeacherLogin" name="test_teacher_login_success" time="0.393" /><testcase classname="tests.test_teacher_module_apis.TestTeacherDashboardAPI" name="test_teacher_dashboard_api" time="0.492" /><testcase classname="tests.test_teacher_module_apis.TestTeacherClassesAPI" name="test_teacher_classes_api" time="0.473" /><testcase classname="tests.test_teacher_module_apis.TestTeacherScheduleAPI" name="test_teacher_schedule_api" time="0.507" /><testcase classname="tests.test_teacher_module_apis.TestTeacherAssessmentsAPI" name="test_teacher_assessments_api" time="0.529" /><testcase classname="tests.test_teacher_module_apis.TestBehaviorAPI" name="test_get_behavior_records" time="0.472" /><testcase classname="tests.test_teacher_module_apis.TestBehaviorAPI" name="test_create_behavior_record" time="0.471" /><testcase classname="tests.test_teacher_module_apis.TestResourcesAPI" name="test_get_resources" time="0.518" /><testcase classname="tests.test_teacher_module_apis.TestResourcesAPI" name="test_create_resource" time="0.475" /><testcase classname="tests.test_teacher_module_apis.TestMessagesAPI" name="test_get_messages" time="0.460" /><testcase classname="tests.test_teacher_module_apis.TestMessagesAPI" name="test_send_message" time="0.480" /><testcase classname="tests.test_teacher_module_apis.TestGradesAPI" name="test_get_grades" time="0.721" /><testcase classname="tests.test_teacher_module_apis.TestAssessmentsCreateAPI" name="test_create_assessment" time="0.469"><skipped type="pytest.skip" message="Teacher has no assigned classes - skipping assessment creation test">/app/backend/tests/test_teacher_module_apis.py:460: Teacher has no assigned classes - skipping assessment creation test</skipped></testcase></testsuite></testsuites>