<?xml version="1.0" encoding="utf-8"?><testsuites name="pytest tests"><testsuite name="pytest" errors="0" failures="0" skipped="0" tests="12" time="5.016" timestamp="2026-03-11T12:41:23.352730+00:00" hostname="agent-env-fa60a3a8-a801-42b9-b001-240364d67047"><testcase classname="backend.tests.test_iteration_48_dashboard.TestAuthenticationAPIs" name="test_platform_admin_login" time="0.411" /><testcase classname="backend.tests.test_iteration_48_dashboard.TestAuthenticationAPIs" name="test_school_principal_login_nor" time="0.346" /><testcase classname="backend.tests.test_iteration_48_dashboard.TestAuthenticationAPIs" name="test_school_principal_login_amal" time="0.383" /><testcase classname="backend.tests.test_iteration_48_dashboard.TestAuthenticationAPIs" name="test_teacher_login" time="0.335" /><testcase classname="backend.tests.test_iteration_48_dashboard.TestAuthenticationAPIs" name="test_student_login" time="0.356" /><testcase classname="backend.tests.test_iteration_48_dashboard.TestPublicStatsAPI" name="test_public_stats_returns_real_data" time="0.105" /><testcase classname="backend.tests.test_iteration_48_dashboard.TestSchoolDashboardAPI" name="test_school_dashboard_returns_real_metrics" time="0.468" /><testcase classname="backend.tests.test_iteration_48_dashboard.TestSchoolDashboardAPI" name="test_school_dashboard_attendance_data" time="0.514" /><testcase classname="backend.tests.test_iteration_48_dashboard.TestSchoolDashboardAPI" name="test_school_dashboard_dynamic_alerts" time="0.462" /><testcase classname="backend.tests.test_iteration_48_dashboard.TestSchoolDashboardAPI" name="test_school_dashboard_interventions" time="0.491" /><testcase classname="backend.tests.test_iteration_48_dashboard.TestSchoolDashboardAPI" name="test_school_dashboard_requires_auth" time="0.125" /><testcase classname="backend.tests.test_iteration_48_dashboard.TestMultiTenantIsolation" name="test_different_schools_different_data" time="0.949" /></testsuite></testsuites>