<?xml version="1.0" encoding="utf-8"?><testsuites name="pytest tests"><testsuite name="pytest" errors="0" failures="0" skipped="0" tests="11" time="5.558" timestamp="2026-03-09T00:15:23.215384+00:00" hostname="agent-env-340c481b-8735-4748-9ded-cf2f7e89d423"><testcase classname="backend.tests.test_attendance_api.TestAttendanceAPI" name="test_01_login_as_principal" time="0.545" /><testcase classname="backend.tests.test_attendance_api.TestAttendanceAPI" name="test_02_get_students_for_class" time="0.428" /><testcase classname="backend.tests.test_attendance_api.TestAttendanceAPI" name="test_03_bulk_attendance_create" time="0.530" /><testcase classname="backend.tests.test_attendance_api.TestAttendanceAPI" name="test_04_daily_attendance_report" time="0.456" /><testcase classname="backend.tests.test_attendance_api.TestAttendanceAPI" name="test_05_attendance_summary_report" time="0.412" /><testcase classname="backend.tests.test_attendance_api.TestAttendanceAPI" name="test_06_mark_all_present" time="0.609" /><testcase classname="backend.tests.test_attendance_api.TestAttendanceAPI" name="test_07_verify_attendance_persistence" time="0.431" /><testcase classname="backend.tests.test_attendance_api.TestAttendanceStatusChanges" name="test_status_present" time="0.466" /><testcase classname="backend.tests.test_attendance_api.TestAttendanceStatusChanges" name="test_status_absent" time="0.474" /><testcase classname="backend.tests.test_attendance_api.TestAttendanceStatusChanges" name="test_status_late" time="0.547" /><testcase classname="backend.tests.test_attendance_api.TestAttendanceStatusChanges" name="test_status_excused" time="0.471" /></testsuite></testsuites>