<?xml version="1.0" encoding="utf-8"?><testsuites name="pytest tests"><testsuite name="pytest" errors="0" failures="0" skipped="0" tests="9" time="3.019" timestamp="2026-03-08T22:48:11.812086+00:00" hostname="agent-env-444a94fe-cf0b-41c9-b910-22db58156dfd"><testcase classname="backend.tests.test_drag_drop_api.TestSeedTestAccounts" name="test_seed_test_accounts_endpoint" time="0.794" /><testcase classname="backend.tests.test_drag_drop_api.TestLoginWithTestAccounts" name="test_login_principal_account" time="0.287" /><testcase classname="backend.tests.test_drag_drop_api.TestLoginWithTestAccounts" name="test_login_teacher_account" time="0.283" /><testcase classname="backend.tests.test_drag_drop_api.TestLoginWithTestAccounts" name="test_login_admin_account" time="0.286" /><testcase classname="backend.tests.test_drag_drop_api.TestMoveSessionAPI" name="test_move_session_success" time="0.651" /><testcase classname="backend.tests.test_drag_drop_api.TestMoveSessionAPI" name="test_move_session_conflict_detection" time="0.064" /><testcase classname="backend.tests.test_drag_drop_api.TestMoveSessionAPI" name="test_move_session_invalid_session_id" time="0.068" /><testcase classname="backend.tests.test_drag_drop_api.TestMoveSessionAPI" name="test_move_session_invalid_time_slot" time="0.059" /><testcase classname="backend.tests.test_drag_drop_api.TestMoveSessionResponseStructure" name="test_response_has_all_required_fields" time="0.328" /></testsuite></testsuites>