<?xml version="1.0" encoding="utf-8"?><testsuites name="pytest tests"><testsuite name="pytest" errors="0" failures="0" skipped="0" tests="18" time="9.471" timestamp="2026-03-10T22:15:39.053952+00:00" hostname="agent-env-21310e14-bd2e-4de1-bfb3-a24e3d33906f"><testcase classname="tests.test_user_creation_and_student_wizard.TestAuthentication" name="test_admin_login" time="0.383" /><testcase classname="tests.test_user_creation_and_student_wizard.TestAuthentication" name="test_principal_login" time="0.399" /><testcase classname="tests.test_user_creation_and_student_wizard.TestUserCreationAPI" name="test_create_user_endpoint_exists" time="0.443" /><testcase classname="tests.test_user_creation_and_student_wizard.TestUserCreationAPI" name="test_create_user_requires_auth" time="0.126" /><testcase classname="tests.test_user_creation_and_student_wizard.TestUserCreationAPI" name="test_create_user_validation" time="0.530" /><testcase classname="tests.test_user_creation_and_student_wizard.TestUserCreationAPI" name="test_create_platform_user_success" time="0.794" /><testcase classname="tests.test_user_creation_and_student_wizard.TestStudentWizardAPI" name="test_student_wizard_create_endpoint_exists" time="0.552" /><testcase classname="tests.test_user_creation_and_student_wizard.TestStudentWizardAPI" name="test_student_wizard_check_parent_endpoint_exists" time="0.482" /><testcase classname="tests.test_user_creation_and_student_wizard.TestStudentWizardAPI" name="test_check_parent_no_match" time="0.500" /><testcase classname="tests.test_user_creation_and_student_wizard.TestStudentWizardAPI" name="test_create_student_requires_auth" time="0.150" /><testcase classname="tests.test_user_creation_and_student_wizard.TestStudentWizardAPI" name="test_create_student_validation" time="0.454" /><testcase classname="tests.test_user_creation_and_student_wizard.TestStudentWizardAPI" name="test_create_student_with_parent_success" time="0.973" /><testcase classname="tests.test_user_creation_and_student_wizard.TestStudentWizardAPI" name="test_create_student_sibling_detection" time="1.275" /><testcase classname="tests.test_user_creation_and_student_wizard.TestUsersManagementPage" name="test_get_users_list" time="0.477" /><testcase classname="tests.test_user_creation_and_student_wizard.TestUsersManagementPage" name="test_get_user_roles" time="0.463" /><testcase classname="tests.test_user_creation_and_student_wizard.TestStudentsManagementPage" name="test_get_students_list" time="0.494" /><testcase classname="tests.test_user_creation_and_student_wizard.TestStudentsManagementPage" name="test_get_grades_list" time="0.447" /><testcase classname="tests.test_user_creation_and_student_wizard.TestStudentsManagementPage" name="test_get_classes_list" time="0.444" /></testsuite></testsuites>