<?xml version="1.0" encoding="utf-8"?><testsuites name="pytest tests"><testsuite name="pytest" errors="0" failures="0" skipped="0" tests="16" time="2.895" timestamp="2026-03-12T02:52:27.224461+00:00" hostname="agent-env-60f543d4-5eb7-4f2b-9019-550f0dc09f53"><testcase classname="backend.tests.test_role_communication_apis.TestAdminLogin" name="test_admin_login" time="0.411" /><testcase classname="backend.tests.test_role_communication_apis.TestUserRolesAPIs" name="test_get_my_roles" time="0.459" /><testcase classname="backend.tests.test_role_communication_apis.TestUserRolesAPIs" name="test_get_my_roles_unauthorized" time="0.112" /><testcase classname="backend.tests.test_role_communication_apis.TestUserRolesAPIs" name="test_switch_role_to_school_principal" time="0.236" /><testcase classname="backend.tests.test_role_communication_apis.TestUserRolesAPIs" name="test_return_to_original_role" time="0.154" /><testcase classname="backend.tests.test_role_communication_apis.TestUserRolesAPIs" name="test_get_switch_history" time="0.105" /><testcase classname="backend.tests.test_role_communication_apis.TestCommunicationAPIs" name="test_get_communication_stats" time="0.111" /><testcase classname="backend.tests.test_role_communication_apis.TestCommunicationAPIs" name="test_get_audience_counts" time="0.270" /><testcase classname="backend.tests.test_role_communication_apis.TestCommunicationAPIs" name="test_get_scheduled_messages" time="0.115" /><testcase classname="backend.tests.test_role_communication_apis.TestCommunicationAPIs" name="test_get_sent_messages" time="0.107" /><testcase classname="backend.tests.test_role_communication_apis.TestCommunicationAPIs" name="test_send_broadcast_message" time="0.119" /><testcase classname="backend.tests.test_role_communication_apis.TestCommunicationAPIs" name="test_get_message_templates" time="0.115" /><testcase classname="backend.tests.test_role_communication_apis.TestCommunicationAPIs" name="test_get_audience_stats" time="0.126" /><testcase classname="backend.tests.test_role_communication_apis.TestTeacherRequestsAPIs" name="test_get_teacher_requests" time="0.109" /><testcase classname="backend.tests.test_role_communication_apis.TestNotificationsAPIs" name="test_get_notifications" time="0.125" /><testcase classname="backend.tests.test_role_communication_apis.TestNotificationsAPIs" name="test_get_notifications_analytics" time="0.106" /></testsuite></testsuites>