<?xml version="1.0" encoding="utf-8"?><testsuites name="pytest tests"><testsuite name="pytest" errors="0" failures="0" skipped="0" tests="15" time="2.828" timestamp="2026-03-12T16:30:54.814900+00:00" hostname="agent-env-c55abd86-e039-493f-800c-2d068d2d2ba7"><testcase classname="backend.tests.test_school_settings_pro.TestAuthentication" name="test_principal_login" time="0.483" /><testcase classname="backend.tests.test_school_settings_pro.TestReferenceAPIs" name="test_reference_stages" time="0.482" /><testcase classname="backend.tests.test_school_settings_pro.TestReferenceAPIs" name="test_reference_grades" time="0.134" /><testcase classname="backend.tests.test_school_settings_pro.TestReferenceAPIs" name="test_reference_tracks" time="0.127" /><testcase classname="backend.tests.test_school_settings_pro.TestReferenceAPIs" name="test_reference_subjects" time="0.137" /><testcase classname="backend.tests.test_school_settings_pro.TestReferenceAPIs" name="test_reference_teacher_ranks" time="0.121" /><testcase classname="backend.tests.test_school_settings_pro.TestReferenceAPIs" name="test_reference_admin_constraints" time="0.128" /><testcase classname="backend.tests.test_school_settings_pro.TestReferenceAPIs" name="test_reference_default_settings" time="0.112" /><testcase classname="backend.tests.test_school_settings_pro.TestSchoolSettingsAPI" name="test_school_settings_endpoint" time="0.149" /><testcase classname="backend.tests.test_school_settings_pro.TestSchoolSettingsAPI" name="test_school_settings_has_working_days" time="0.119" /><testcase classname="backend.tests.test_school_settings_pro.TestSchoolSettingsAPI" name="test_school_settings_has_time_slots" time="0.128" /><testcase classname="backend.tests.test_school_settings_pro.TestSchoolSettingsAPI" name="test_school_settings_has_academic_structure" time="0.117" /><testcase classname="backend.tests.test_school_settings_pro.TestSchoolSettingsAPI" name="test_school_settings_has_reference_data" time="0.142" /><testcase classname="backend.tests.test_school_settings_pro.TestTeachersAndClassesAPIs" name="test_teachers_list" time="0.120" /><testcase classname="backend.tests.test_school_settings_pro.TestTeachersAndClassesAPIs" name="test_classes_list" time="0.140" /></testsuite></testsuites>