<?xml version="1.0" encoding="utf-8"?><testsuites name="pytest tests"><testsuite name="pytest" errors="0" failures="0" skipped="0" tests="14" time="6.732" timestamp="2026-03-09T18:09:11.973990+00:00" hostname="agent-env-fb9084cf-b800-47ba-ac81-0273e15d36f9"><testcase classname="backend.tests.test_users_management.TestAuthentication" name="test_login_success" time="0.460" /><testcase classname="backend.tests.test_users_management.TestAuthentication" name="test_login_invalid_credentials" time="0.137" /><testcase classname="backend.tests.test_users_management.TestUserCreation" name="test_create_teacher_with_all_fields" time="0.694" /><testcase classname="backend.tests.test_users_management.TestUserCreation" name="test_create_platform_operations_manager" time="0.737" /><testcase classname="backend.tests.test_users_management.TestUserCreation" name="test_create_user_duplicate_email" time="0.884" /><testcase classname="backend.tests.test_users_management.TestUserCreation" name="test_create_user_invalid_role" time="0.471" /><testcase classname="backend.tests.test_users_management.TestUserCreation" name="test_create_user_unauthenticated" time="0.118" /><testcase classname="backend.tests.test_users_management.TestPlatformUsers" name="test_get_platform_users" time="0.511" /><testcase classname="backend.tests.test_users_management.TestPlatformUsers" name="test_get_platform_users_with_role_filter" time="0.483" /><testcase classname="backend.tests.test_users_management.TestPlatformUsers" name="test_get_platform_users_with_search" time="0.510" /><testcase classname="backend.tests.test_users_management.TestPlatformUsers" name="test_get_platform_users_unauthenticated" time="0.133" /><testcase classname="backend.tests.test_users_management.TestDashboardStats" name="test_get_dashboard_stats" time="0.511" /><testcase classname="backend.tests.test_users_management.TestRegistrationRequests" name="test_get_registration_requests" time="0.461" /><testcase classname="backend.tests.test_users_management.TestRegistrationRequests" name="test_get_pending_requests" time="0.509" /></testsuite></testsuites>