<?xml version="1.0" encoding="utf-8"?><testsuites name="pytest tests"><testsuite name="pytest" errors="0" failures="0" skipped="0" tests="15" time="4.096" timestamp="2026-03-10T07:55:21.402964+00:00" hostname="agent-env-d9131698-4593-4c4e-b140-17be55574819"><testcase classname="backend.tests.test_school_settings_apis.TestPrincipalLogin" name="test_login_as_principal" time="0.457" /><testcase classname="backend.tests.test_school_settings_apis.TestPrincipalLogin" name="test_get_current_user" time="0.120" /><testcase classname="backend.tests.test_school_settings_apis.TestAcademicYearsAPI" name="test_get_academic_years" time="0.430" /><testcase classname="backend.tests.test_school_settings_apis.TestTermsAPI" name="test_get_terms" time="0.456" /><testcase classname="backend.tests.test_school_settings_apis.TestGradeLevelsAPI" name="test_get_grade_levels" time="0.444" /><testcase classname="backend.tests.test_school_settings_apis.TestUserPreferencesAPI" name="test_get_user_preferences" time="0.437" /><testcase classname="backend.tests.test_school_settings_apis.TestUserPreferencesAPI" name="test_get_user_notifications" time="0.104" /><testcase classname="backend.tests.test_school_settings_apis.TestSchoolReportsAPI" name="test_get_school_overview_report" time="0.461" /><testcase classname="backend.tests.test_school_settings_apis.TestSchoolReportsAPI" name="test_get_school_attendance_report" time="0.102" /><testcase classname="backend.tests.test_school_settings_apis.TestSchoolReportsAPI" name="test_get_school_grades_report" time="0.116" /><testcase classname="backend.tests.test_school_settings_apis.TestAIInsightsAPI" name="test_get_ai_insights_overview" time="0.449" /><testcase classname="backend.tests.test_school_settings_apis.TestAIInsightsAPI" name="test_get_ai_predictions" time="0.098" /><testcase classname="backend.tests.test_school_settings_apis.TestAIInsightsAPI" name="test_get_ai_recommendations" time="0.102" /><testcase classname="backend.tests.test_school_settings_apis.TestAIInsightsAPI" name="test_get_ai_alerts" time="0.100" /><testcase classname="backend.tests.test_school_settings_apis.TestAIInsightsAPI" name="test_get_at_risk_students" time="0.101" /></testsuite></testsuites>