<?xml version="1.0" encoding="utf-8"?><testsuites name="pytest tests"><testsuite name="pytest" errors="0" failures="0" skipped="0" tests="20" time="7.766" timestamp="2026-03-09T22:07:25.800623+00:00" hostname="agent-env-920bf09b-1939-4ba4-8ddb-96b005801bd1"><testcase classname="backend.tests.test_registration_requests.TestAuthAndSetup" name="test_admin_login" time="0.405" /><testcase classname="backend.tests.test_registration_requests.TestUserCreation" name="test_create_platform_admin_user" time="0.837" /><testcase classname="backend.tests.test_registration_requests.TestUserCreation" name="test_create_teacher_user" time="0.477" /><testcase classname="backend.tests.test_registration_requests.TestUserCreation" name="test_create_user_duplicate_email" time="0.612" /><testcase classname="backend.tests.test_registration_requests.TestUserCreation" name="test_create_user_invalid_role" time="0.105" /><testcase classname="backend.tests.test_registration_requests.TestRegistrationRequests" name="test_get_registration_requests" time="0.460" /><testcase classname="backend.tests.test_registration_requests.TestRegistrationRequests" name="test_get_pending_teacher_requests" time="0.105" /><testcase classname="backend.tests.test_registration_requests.TestRegistrationRequests" name="test_create_registration_request" time="0.109" /><testcase classname="backend.tests.test_registration_requests.TestApproveRequest" name="test_approve_teacher_request" time="0.925" /><testcase classname="backend.tests.test_registration_requests.TestApproveRequest" name="test_approve_nonexistent_request" time="0.123" /><testcase classname="backend.tests.test_registration_requests.TestApproveRequest" name="test_approve_already_approved_request" time="0.663" /><testcase classname="backend.tests.test_registration_requests.TestRejectRequest" name="test_reject_teacher_request" time="0.602" /><testcase classname="backend.tests.test_registration_requests.TestRejectRequest" name="test_reject_without_reason" time="0.222" /><testcase classname="backend.tests.test_registration_requests.TestRejectRequest" name="test_reject_with_short_reason" time="0.213" /><testcase classname="backend.tests.test_registration_requests.TestRequestMoreInfo" name="test_request_more_info" time="0.629" /><testcase classname="backend.tests.test_registration_requests.TestRequestMoreInfo" name="test_request_info_short_message" time="0.228" /><testcase classname="backend.tests.test_registration_requests.TestRequestMoreInfo" name="test_request_info_on_approved_request" time="0.647" /><testcase classname="backend.tests.test_registration_requests.TestUnauthorizedAccess" name="test_get_requests_without_auth" time="0.106" /><testcase classname="backend.tests.test_registration_requests.TestUnauthorizedAccess" name="test_approve_without_auth" time="0.109" /><testcase classname="backend.tests.test_registration_requests.TestUnauthorizedAccess" name="test_create_user_without_auth" time="0.132" /></testsuite></testsuites>