<?xml version="1.0" encoding="utf-8"?><testsuites name="pytest tests"><testsuite name="pytest" errors="0" failures="0" skipped="0" tests="21" time="9.839" timestamp="2026-03-12T15:11:15.455501+00:00" hostname="agent-env-92543b0a-2359-4eab-b80a-603aaecca322"><testcase classname="tests.test_seed_data_verification.TestAuthentication" name="test_principal1_login" time="0.419" /><testcase classname="tests.test_seed_data_verification.TestAuthentication" name="test_principal4_login" time="0.337" /><testcase classname="tests.test_seed_data_verification.TestAuthentication" name="test_admin_login" time="0.346" /><testcase classname="tests.test_seed_data_verification.TestSchool001Data" name="test_teachers_count" time="0.458" /><testcase classname="tests.test_seed_data_verification.TestSchool001Data" name="test_teachers_names" time="0.477" /><testcase classname="tests.test_seed_data_verification.TestSchool001Data" name="test_students_count" time="0.456" /><testcase classname="tests.test_seed_data_verification.TestSchool001Data" name="test_students_have_full_name" time="0.463" /><testcase classname="tests.test_seed_data_verification.TestSchool001Data" name="test_classes_count" time="0.481" /><testcase classname="tests.test_seed_data_verification.TestSchool001Data" name="test_classes_names" time="0.451" /><testcase classname="tests.test_seed_data_verification.TestSchool001Data" name="test_school_settings" time="0.445" /><testcase classname="tests.test_seed_data_verification.TestSchool001Data" name="test_school_dashboard" time="0.512" /><testcase classname="tests.test_seed_data_verification.TestSchool002Data" name="test_teachers_count" time="0.543" /><testcase classname="tests.test_seed_data_verification.TestSchool002Data" name="test_teachers_names" time="0.453" /><testcase classname="tests.test_seed_data_verification.TestSchool002Data" name="test_students_count" time="0.454" /><testcase classname="tests.test_seed_data_verification.TestSchool002Data" name="test_classes_count" time="0.474" /><testcase classname="tests.test_seed_data_verification.TestSchool002Data" name="test_school_settings" time="0.487" /><testcase classname="tests.test_seed_data_verification.TestTimeSlots" name="test_time_slots_exist" time="0.478" /><testcase classname="tests.test_seed_data_verification.TestTimeSlots" name="test_time_slots_structure" time="0.454" /><testcase classname="tests.test_seed_data_verification.TestScheduleAPI" name="test_schedules_endpoint" time="0.530" /><testcase classname="tests.test_seed_data_verification.TestDashboardStats" name="test_dashboard_stats" time="0.547" /><testcase classname="tests.test_seed_data_verification.TestDashboardStats" name="test_super_admin_dashboard_stats" time="0.490" /></testsuite></testsuites>