<?xml version="1.0" encoding="utf-8"?><testsuites name="pytest tests"><testsuite name="pytest" errors="0" failures="0" skipped="1" tests="11" time="5.289" timestamp="2026-03-09T01:14:33.990384+00:00" hostname="agent-env-3af4a96b-13e4-4d95-9ef3-488f3bac08bb"><testcase classname="backend.tests.test_notification_api.TestNotificationAPIs" name="test_01_principal_login" time="0.472" /><testcase classname="backend.tests.test_notification_api.TestNotificationAPIs" name="test_02_teacher_login" time="0.359" /><testcase classname="backend.tests.test_notification_api.TestNotificationAPIs" name="test_03_get_notifications" time="0.409" /><testcase classname="backend.tests.test_notification_api.TestNotificationAPIs" name="test_04_get_unread_count" time="0.407" /><testcase classname="backend.tests.test_notification_api.TestNotificationAPIs" name="test_05_filter_notifications_by_type" time="0.494" /><testcase classname="backend.tests.test_notification_api.TestNotificationAPIs" name="test_06_mark_notification_as_read" time="0.574" /><testcase classname="backend.tests.test_notification_api.TestNotificationAPIs" name="test_07_mark_all_as_read" time="0.457" /><testcase classname="backend.tests.test_notification_api.TestNotificationAPIs" name="test_08_get_notification_analytics" time="0.410" /><testcase classname="backend.tests.test_notification_api.TestNotificationAPIs" name="test_09_attendance_triggers_notification" time="0.859"><skipped type="pytest.skip" message="No students in class for testing">/app/backend/tests/test_notification_api.py:214: No students in class for testing</skipped></testcase><testcase classname="backend.tests.test_notification_api.TestNotificationAPIs" name="test_10_delete_notification" time="0.543" /><testcase classname="backend.tests.test_notification_api.TestNotificationAPIs" name="test_11_unauthorized_access" time="0.239" /></testsuite></testsuites>