<?xml version="1.0" encoding="utf-8"?><testsuites name="pytest tests"><testsuite name="pytest" errors="0" failures="0" skipped="0" tests="18" time="8.108" timestamp="2026-03-10T01:57:58.408090+00:00" hostname="agent-env-f68f36b8-80e2-40dc-b0ed-ff8b00c3d06c"><testcase classname="tests.test_teacher_wizard_api.TestAccountLogins" name="test_account_login[Admin]" time="0.428" /><testcase classname="tests.test_teacher_wizard_api.TestAccountLogins" name="test_account_login[Principal]" time="0.338" /><testcase classname="tests.test_teacher_wizard_api.TestAccountLogins" name="test_account_login[Teacher]" time="0.342" /><testcase classname="tests.test_teacher_wizard_api.TestAccountLogins" name="test_account_login[Student]" time="0.343" /><testcase classname="tests.test_teacher_wizard_api.TestAccountLogins" name="test_account_login[Parent]" time="0.338" /><testcase classname="tests.test_teacher_wizard_api.TestAccountLogins" name="test_account_login[Independent Teacher]" time="0.351" /><testcase classname="tests.test_teacher_wizard_api.TestTeacherOptionsEndpoints" name="test_get_subjects" time="0.476" /><testcase classname="tests.test_teacher_wizard_api.TestTeacherOptionsEndpoints" name="test_get_grades" time="0.474" /><testcase classname="tests.test_teacher_wizard_api.TestTeacherOptionsEndpoints" name="test_get_academic_degrees" time="0.454" /><testcase classname="tests.test_teacher_wizard_api.TestTeacherOptionsEndpoints" name="test_get_teacher_ranks" time="0.512" /><testcase classname="tests.test_teacher_wizard_api.TestTeacherOptionsEndpoints" name="test_get_contract_types" time="0.475" /><testcase classname="tests.test_teacher_wizard_api.TestTeacherOptionsEndpoints" name="test_get_nationalities" time="0.446" /><testcase classname="tests.test_teacher_wizard_api.TestTeacherCreation" name="test_create_teacher_full_flow" time="0.730" /><testcase classname="tests.test_teacher_wizard_api.TestTeacherCreation" name="test_validate_national_id" time="0.440" /><testcase classname="tests.test_teacher_wizard_api.TestTeacherCreation" name="test_validate_email" time="0.448" /><testcase classname="tests.test_teacher_wizard_api.TestTeacherCreation" name="test_list_teachers" time="0.446" /><testcase classname="tests.test_teacher_wizard_api.TestPrincipalDashboard" name="test_principal_auth_me" time="0.502" /><testcase classname="tests.test_teacher_wizard_api.TestPrincipalDashboard" name="test_notifications_unread_count" time="0.489" /></testsuite></testsuites>