<?xml version="1.0" encoding="utf-8"?><testsuites name="pytest tests"><testsuite name="pytest" errors="0" failures="0" skipped="0" tests="28" time="7.587" timestamp="2026-03-09T22:30:42.347017+00:00" hostname="agent-env-920bf09b-1939-4ba4-8ddb-96b005801bd1"><testcase classname="backend.tests.test_behaviour_multirole.TestSetup" name="test_login_success" time="0.438" /><testcase classname="backend.tests.test_behaviour_multirole.TestPublicContactAPI" name="test_get_public_contact_info_no_auth" time="0.115" /><testcase classname="backend.tests.test_behaviour_multirole.TestPublicContactAPI" name="test_public_contact_info_returns_defaults" time="0.134" /><testcase classname="backend.tests.test_behaviour_multirole.TestBehaviourTypesAPI" name="test_seed_default_behaviour_types" time="0.429" /><testcase classname="backend.tests.test_behaviour_multirole.TestBehaviourTypesAPI" name="test_get_behaviour_types" time="0.116" /><testcase classname="backend.tests.test_behaviour_multirole.TestBehaviourTypesAPI" name="test_get_behaviour_types_by_category_positive" time="0.128" /><testcase classname="backend.tests.test_behaviour_multirole.TestBehaviourTypesAPI" name="test_get_behaviour_types_by_category_negative" time="0.104" /><testcase classname="backend.tests.test_behaviour_multirole.TestBehaviourTypesAPI" name="test_create_custom_behaviour_type" time="0.117" /><testcase classname="backend.tests.test_behaviour_multirole.TestBehaviourRecordsAPI" name="test_get_student_behaviour_history_with_school_id" time="0.724" /><testcase classname="backend.tests.test_behaviour_multirole.TestBehaviourRecordsAPI" name="test_get_student_behaviour_history_missing_school_id" time="0.108" /><testcase classname="backend.tests.test_behaviour_multirole.TestBehaviourRecordsAPI" name="test_get_student_behaviour_profile_with_school_id" time="0.124" /><testcase classname="backend.tests.test_behaviour_multirole.TestBehaviourRecordsAPI" name="test_create_behaviour_record_requires_teacher_role" time="0.114" /><testcase classname="backend.tests.test_behaviour_multirole.TestMultiRoleAPI" name="test_get_user_roles" time="0.585" /><testcase classname="backend.tests.test_behaviour_multirole.TestMultiRoleAPI" name="test_get_user_roles_for_nonexistent_user" time="0.127" /><testcase classname="backend.tests.test_behaviour_multirole.TestMultiRoleAPI" name="test_add_role_to_user" time="0.451" /><testcase classname="backend.tests.test_behaviour_multirole.TestMultiRoleAPI" name="test_add_duplicate_role" time="0.241" /><testcase classname="backend.tests.test_behaviour_multirole.TestMultiRoleAPI" name="test_switch_role" time="0.233" /><testcase classname="backend.tests.test_behaviour_multirole.TestMultiRoleAPI" name="test_switch_to_invalid_role" time="0.156" /><testcase classname="backend.tests.test_behaviour_multirole.TestMultiRoleAPI" name="test_switch_role_for_other_user" time="0.102" /><testcase classname="backend.tests.test_behaviour_multirole.TestUserRoleEnum" name="test_platform_admin_role" time="0.439" /><testcase classname="backend.tests.test_behaviour_multirole.TestUserRoleEnum" name="test_create_user_with_platform_operations_manager" time="0.357" /><testcase classname="backend.tests.test_behaviour_multirole.TestUserRoleEnum" name="test_create_user_with_platform_technical_admin" time="0.355" /><testcase classname="backend.tests.test_behaviour_multirole.TestUserRoleEnum" name="test_create_user_with_platform_support_specialist" time="0.328" /><testcase classname="backend.tests.test_behaviour_multirole.TestUserRoleEnum" name="test_create_user_with_platform_data_analyst" time="0.339" /><testcase classname="backend.tests.test_behaviour_multirole.TestUserRoleEnum" name="test_create_user_with_platform_security_officer" time="0.338" /><testcase classname="backend.tests.test_behaviour_multirole.TestDisciplinaryActionsAPI" name="test_create_disciplinary_action_endpoint_exists" time="0.427" /><testcase classname="backend.tests.test_behaviour_multirole.TestAPIHealth" name="test_api_health" time="0.255" /><testcase classname="backend.tests.test_behaviour_multirole.TestAPIHealth" name="test_auth_endpoint_exists" time="0.102" /></testsuite></testsuites>