<?xml version="1.0" encoding="utf-8"?><testsuites name="pytest tests"><testsuite name="pytest" errors="0" failures="0" skipped="0" tests="8" time="3.485" timestamp="2026-03-12T03:12:04.026657+00:00" hostname="agent-env-60f543d4-5eb7-4f2b-9019-550f0dc09f53"><testcase classname="tests.test_websocket_notifications.TestWebSocketAPIs" name="test_admin_login" time="0.691" /><testcase classname="tests.test_websocket_notifications.TestWebSocketAPIs" name="test_ws_stats_endpoint" time="0.417" /><testcase classname="tests.test_websocket_notifications.TestWebSocketAPIs" name="test_ws_stats_no_auth_required" time="0.464" /><testcase classname="tests.test_websocket_notifications.TestWebSocketAPIs" name="test_broadcast_message_creates_notification" time="0.411" /><testcase classname="tests.test_websocket_notifications.TestWebSocketAPIs" name="test_notifications_endpoint" time="0.429" /><testcase classname="tests.test_websocket_notifications.TestWebSocketConnection" name="test_websocket_connection_with_token" time="0.335" /><testcase classname="tests.test_websocket_notifications.TestWebSocketConnection" name="test_websocket_ping_pong" time="0.353" /><testcase classname="tests.test_websocket_notifications.TestWebSocketConnection" name="test_websocket_without_token_rejected" time="0.334" /></testsuite></testsuites>