<?xml version="1.0" encoding="utf-8"?><testsuites name="pytest tests"><testsuite name="pytest" errors="0" failures="0" skipped="0" tests="15" time="7.122" timestamp="2026-03-10T15:31:33.151103+00:00" hostname="agent-env-d52a64b1-6c5e-4ea8-915f-fc22b690c140"><testcase classname="backend.tests.test_restructure_and_new_apis.TestAuthAPI" name="test_login_principal_success" time="0.532" /><testcase classname="backend.tests.test_restructure_and_new_apis.TestAuthAPI" name="test_login_admin_success" time="0.324" /><testcase classname="backend.tests.test_restructure_and_new_apis.TestAuthAPI" name="test_login_invalid_credentials" time="0.123" /><testcase classname="backend.tests.test_restructure_and_new_apis.TestDashboardStatsAPI" name="test_dashboard_stats_principal" time="0.496" /><testcase classname="backend.tests.test_restructure_and_new_apis.TestDashboardStatsAPI" name="test_dashboard_stats_admin" time="0.623" /><testcase classname="backend.tests.test_restructure_and_new_apis.TestTeacherAttendanceAPI" name="test_get_teacher_attendance_today" time="0.487" /><testcase classname="backend.tests.test_restructure_and_new_apis.TestTeacherAttendanceAPI" name="test_post_bulk_teacher_attendance" time="0.608" /><testcase classname="backend.tests.test_restructure_and_new_apis.TestTeacherAttendanceAPI" name="test_get_teacher_attendance_summary" time="0.468" /><testcase classname="backend.tests.test_restructure_and_new_apis.TestCommunicationAPI" name="test_get_communication_stats" time="0.473" /><testcase classname="backend.tests.test_restructure_and_new_apis.TestCommunicationAPI" name="test_get_audience_stats" time="0.437" /><testcase classname="backend.tests.test_restructure_and_new_apis.TestCommunicationAPI" name="test_get_message_templates" time="0.501" /><testcase classname="backend.tests.test_restructure_and_new_apis.TestCommunicationAPI" name="test_send_message" time="0.505" /><testcase classname="backend.tests.test_restructure_and_new_apis.TestCommunicationAPI" name="test_get_messages_list" time="0.513" /><testcase classname="backend.tests.test_restructure_and_new_apis.TestCommunicationAPI" name="test_schedule_message" time="0.460" /><testcase classname="backend.tests.test_restructure_and_new_apis.TestTeachersAPI" name="test_get_teachers_list" time="0.449" /></testsuite></testsuites>