<?xml version="1.0" encoding="utf-8"?><testsuites name="pytest tests"><testsuite name="pytest" errors="0" failures="0" skipped="0" tests="21" time="11.670" timestamp="2026-03-12T18:11:15.738520+00:00" hostname="agent-env-459b202a-1d63-49f3-800f-710b54cce39a"><testcase classname="backend.tests.test_subjects_constraints_activerole.TestAuthentication" name="test_principal_login" time="0.433" /><testcase classname="backend.tests.test_subjects_constraints_activerole.TestAuthentication" name="test_admin_login" time="0.549" /><testcase classname="backend.tests.test_subjects_constraints_activerole.TestActiveRoleContext" name="test_get_active_role_principal" time="0.475" /><testcase classname="backend.tests.test_subjects_constraints_activerole.TestActiveRoleContext" name="test_get_active_role_admin" time="0.489" /><testcase classname="backend.tests.test_subjects_constraints_activerole.TestActiveRoleContext" name="test_set_active_role" time="0.511" /><testcase classname="backend.tests.test_subjects_constraints_activerole.TestSubjectsCRUD" name="test_get_school_subjects" time="0.520" /><testcase classname="backend.tests.test_subjects_constraints_activerole.TestSubjectsCRUD" name="test_create_subject" time="0.605" /><testcase classname="backend.tests.test_subjects_constraints_activerole.TestSubjectsCRUD" name="test_update_subject" time="0.622" /><testcase classname="backend.tests.test_subjects_constraints_activerole.TestSubjectsCRUD" name="test_delete_subject" time="0.593" /><testcase classname="backend.tests.test_subjects_constraints_activerole.TestConstraintsCRUD" name="test_get_school_constraints" time="0.700" /><testcase classname="backend.tests.test_subjects_constraints_activerole.TestConstraintsCRUD" name="test_create_constraint" time="0.652" /><testcase classname="backend.tests.test_subjects_constraints_activerole.TestConstraintsCRUD" name="test_update_constraint" time="0.617" /><testcase classname="backend.tests.test_subjects_constraints_activerole.TestConstraintsCRUD" name="test_toggle_constraint_active" time="0.656" /><testcase classname="backend.tests.test_subjects_constraints_activerole.TestConstraintsCRUD" name="test_delete_constraint" time="0.498" /><testcase classname="backend.tests.test_subjects_constraints_activerole.TestReferenceAPIs" name="test_get_reference_subjects" time="0.543" /><testcase classname="backend.tests.test_subjects_constraints_activerole.TestReferenceAPIs" name="test_get_reference_admin_constraints" time="0.506" /><testcase classname="backend.tests.test_subjects_constraints_activerole.TestReferenceAPIs" name="test_get_school_settings" time="0.496" /><testcase classname="backend.tests.test_subjects_constraints_activerole.TestReferenceAPIs" name="test_get_time_slots" time="0.476" /><testcase classname="backend.tests.test_subjects_constraints_activerole.TestSchedulePageAPIs" name="test_get_schedule_sessions" time="0.678" /><testcase classname="backend.tests.test_subjects_constraints_activerole.TestSchedulePageAPIs" name="test_get_teachers" time="0.477" /><testcase classname="backend.tests.test_subjects_constraints_activerole.TestSchedulePageAPIs" name="test_get_classes" time="0.487" /></testsuite></testsuites>