<?xml version="1.0" encoding="utf-8"?><testsuites name="pytest tests"><testsuite name="pytest" errors="0" failures="0" skipped="0" tests="8" time="4.304" timestamp="2026-03-13T00:34:21.044660+00:00" hostname="agent-env-ef6c8e17-21fc-4a66-9e8b-4b759c063e62"><testcase classname="backend.tests.test_smart_timetable_page.TestSmartTimetableAPIs" name="test_get_timetables_for_school" time="0.554" /><testcase classname="backend.tests.test_smart_timetable_page.TestSmartTimetableAPIs" name="test_get_timetable_sessions" time="0.562" /><testcase classname="backend.tests.test_smart_timetable_page.TestSmartTimetableAPIs" name="test_get_timetable_conflicts" time="0.499" /><testcase classname="backend.tests.test_smart_timetable_page.TestSmartTimetableAPIs" name="test_filter_sessions_by_day" time="0.485" /><testcase classname="backend.tests.test_smart_timetable_page.TestSmartTimetableAPIs" name="test_filter_sessions_by_class" time="0.703" /><testcase classname="backend.tests.test_smart_timetable_page.TestSmartTimetableAPIs" name="test_filter_sessions_by_teacher" time="0.593" /><testcase classname="backend.tests.test_smart_timetable_page.TestSmartTimetableAPIs" name="test_get_classes" time="0.452" /><testcase classname="backend.tests.test_smart_timetable_page.TestSmartTimetableAPIs" name="test_get_teachers" time="0.386" /></testsuite></testsuites>