<?xml version="1.0" encoding="utf-8"?><testsuites name="pytest tests"><testsuite name="pytest" errors="0" failures="0" skipped="0" tests="18" time="7.516" timestamp="2026-03-13T17:42:31.888278+00:00" hostname="agent-env-a51dd234-e9b8-4455-ac9f-7349869e5a00"><testcase classname="backend.tests.test_users_classes_update_iter80.TestAuthentication" name="test_login_success" time="0.560" /><testcase classname="backend.tests.test_users_classes_update_iter80.TestStudentPartialUpdate" name="test_update_student_full_name_only" time="0.865" /><testcase classname="backend.tests.test_users_classes_update_iter80.TestStudentPartialUpdate" name="test_update_student_email_only" time="0.222" /><testcase classname="backend.tests.test_users_classes_update_iter80.TestStudentPartialUpdate" name="test_update_student_is_active_only" time="0.355" /><testcase classname="backend.tests.test_users_classes_update_iter80.TestStudentPartialUpdate" name="test_update_student_multiple_partial_fields" time="0.378" /><testcase classname="backend.tests.test_users_classes_update_iter80.TestTeacherPartialUpdate" name="test_update_teacher_full_name_only" time="1.128" /><testcase classname="backend.tests.test_users_classes_update_iter80.TestTeacherPartialUpdate" name="test_update_teacher_specialization_only" time="0.261" /><testcase classname="backend.tests.test_users_classes_update_iter80.TestTeacherPartialUpdate" name="test_update_teacher_is_active_only" time="0.422" /><testcase classname="backend.tests.test_users_classes_update_iter80.TestTeacherPartialUpdate" name="test_update_teacher_multiple_partial_fields" time="0.335" /><testcase classname="backend.tests.test_users_classes_update_iter80.TestClassPartialUpdate" name="test_update_class_name_only" time="0.867" /><testcase classname="backend.tests.test_users_classes_update_iter80.TestClassPartialUpdate" name="test_update_class_capacity_only" time="0.260" /><testcase classname="backend.tests.test_users_classes_update_iter80.TestClassPartialUpdate" name="test_update_class_section_only" time="0.240" /><testcase classname="backend.tests.test_users_classes_update_iter80.TestClassPartialUpdate" name="test_update_class_is_active_only" time="0.387" /><testcase classname="backend.tests.test_users_classes_update_iter80.TestClassPartialUpdate" name="test_update_class_multiple_partial_fields" time="0.258" /><testcase classname="backend.tests.test_users_classes_update_iter80.TestSchoolSettingsPageAPIs" name="test_get_teachers_returns_list" time="0.462" /><testcase classname="backend.tests.test_users_classes_update_iter80.TestSchoolSettingsPageAPIs" name="test_get_classes_returns_list" time="0.124" /><testcase classname="backend.tests.test_users_classes_update_iter80.TestSchoolSettingsPageAPIs" name="test_get_school_settings" time="0.145" /><testcase classname="backend.tests.test_users_classes_update_iter80.TestSchoolSettingsPageAPIs" name="test_get_teacher_assignments" time="0.122" /></testsuite></testsuites>