<?xml version="1.0" encoding="utf-8"?><testsuites name="pytest tests"><testsuite name="pytest" errors="0" failures="0" skipped="0" tests="29" time="6.399" timestamp="2026-03-08T21:12:31.639318+00:00" hostname="agent-env-c46387db-45c0-402f-93a6-bedf7ede3982"><testcase classname="backend.tests.test_scheduling_api.TestTimeSlots" name="test_get_time_slots_for_school" time="0.571" /><testcase classname="backend.tests.test_scheduling_api.TestTimeSlots" name="test_create_time_slot" time="0.134" /><testcase classname="backend.tests.test_scheduling_api.TestTimeSlots" name="test_delete_time_slot" time="0.258" /><testcase classname="backend.tests.test_scheduling_api.TestTeacherAssignments" name="test_get_teacher_assignments" time="0.133" /><testcase classname="backend.tests.test_scheduling_api.TestTeacherAssignments" name="test_create_teacher_assignment" time="0.481" /><testcase classname="backend.tests.test_scheduling_api.TestTeacherAssignments" name="test_delete_teacher_assignment" time="0.239" /><testcase classname="backend.tests.test_scheduling_api.TestSchoolSchedules" name="test_get_schedules" time="0.112" /><testcase classname="backend.tests.test_scheduling_api.TestSchoolSchedules" name="test_create_schedule" time="0.111" /><testcase classname="backend.tests.test_scheduling_api.TestSchoolSchedules" name="test_get_schedule_by_id" time="0.099" /><testcase classname="backend.tests.test_scheduling_api.TestSchoolSchedules" name="test_publish_schedule" time="0.244" /><testcase classname="backend.tests.test_scheduling_api.TestSchoolSchedules" name="test_delete_schedule" time="0.130" /><testcase classname="backend.tests.test_scheduling_api.TestScheduleSessions" name="test_create_schedule_session" time="0.474" /><testcase classname="backend.tests.test_scheduling_api.TestScheduleSessions" name="test_get_schedule_sessions" time="0.113" /><testcase classname="backend.tests.test_scheduling_api.TestScheduleSessions" name="test_get_sessions_by_day" time="0.132" /><testcase classname="backend.tests.test_scheduling_api.TestScheduleSessions" name="test_delete_schedule_session" time="0.301" /><testcase classname="backend.tests.test_scheduling_api.TestAutoGenerateSchedule" name="test_auto_generate_schedule" time="0.344" /><testcase classname="backend.tests.test_scheduling_api.TestConflictDetection" name="test_check_schedule_conflicts" time="0.225" /><testcase classname="backend.tests.test_scheduling_api.TestTeacherRank" name="test_update_teacher_rank_expert" time="0.263" /><testcase classname="backend.tests.test_scheduling_api.TestTeacherRank" name="test_update_teacher_rank_advanced" time="0.134" /><testcase classname="backend.tests.test_scheduling_api.TestTeacherRank" name="test_update_teacher_rank_practitioner" time="0.116" /><testcase classname="backend.tests.test_scheduling_api.TestTeacherRank" name="test_update_teacher_rank_assistant" time="0.109" /><testcase classname="backend.tests.test_scheduling_api.TestTeacherRank" name="test_update_rank_invalid_teacher" time="0.223" /><testcase classname="backend.tests.test_scheduling_api.TestTeacherWorkload" name="test_get_teacher_workload" time="0.258" /><testcase classname="backend.tests.test_scheduling_api.TestTeacherWorkload" name="test_get_workload_with_schedule" time="0.372" /><testcase classname="backend.tests.test_scheduling_api.TestTeacherWorkload" name="test_workload_invalid_teacher" time="0.110" /><testcase classname="backend.tests.test_scheduling_api.TestSeedTimeSlots" name="test_seed_time_slots" time="0.121" /><testcase classname="backend.tests.test_scheduling_api.TestErrorHandling" name="test_get_nonexistent_schedule" time="0.139" /><testcase classname="backend.tests.test_scheduling_api.TestErrorHandling" name="test_delete_nonexistent_time_slot" time="0.123" /><testcase classname="backend.tests.test_scheduling_api.TestErrorHandling" name="test_unauthorized_access" time="0.112" /></testsuite></testsuites>