<?xml version="1.0" encoding="utf-8"?><testsuites name="pytest tests"><testsuite name="pytest" errors="0" failures="1" skipped="0" tests="12" time="5.528" timestamp="2026-03-11T16:06:13.419585+00:00" hostname="agent-env-8bd5af0a-b3f8-40af-90c2-25c7af9d24a6"><testcase classname="backend.tests.test_nassaq_features.TestAuthentication" name="test_login_platform_admin" time="0.547" /><testcase classname="backend.tests.test_nassaq_features.TestAuthentication" name="test_login_school_principal" time="0.406" /><testcase classname="backend.tests.test_nassaq_features.TestAuthentication" name="test_login_invalid_credentials" time="0.182" /><testcase classname="backend.tests.test_nassaq_features.TestSchoolDraftAPI" name="test_create_school_draft" time="0.505" /><testcase classname="backend.tests.test_nassaq_features.TestSchoolDraftAPI" name="test_create_school_draft_unauthorized" time="0.146" /><testcase classname="backend.tests.test_nassaq_features.TestSchoolDraftAPI" name="test_create_school_draft_as_principal" time="0.527" /><testcase classname="backend.tests.test_nassaq_features.TestUsersAPI" name="test_get_users_list" time="0.525" /><testcase classname="backend.tests.test_nassaq_features.TestUsersAPI" name="test_get_teacher_requests" time="0.539" /><testcase classname="backend.tests.test_nassaq_features.TestSchoolsAPI" name="test_get_schools_list" time="0.578" /><testcase classname="backend.tests.test_nassaq_features.TestSchoolsAPI" name="test_get_schools_by_status" time="0.654" /><testcase classname="backend.tests.test_nassaq_features.TestDashboardAPI" name="test_get_dashboard_stats" time="0.604" /><testcase classname="backend.tests.test_nassaq_features.TestHealthCheck" name="test_health_check" time="0.186"><failure message="AssertionError: Health check failed: {&quot;detail&quot;:&quot;Not Found&quot;}&#10;assert 404 == 200&#10; +  where 404 = &lt;Response [404]&gt;.status_code">backend/tests/test_nassaq_features.py:292: in test_health_check
    assert response.status_code == 200, f"Health check failed: {response.text}"
E   AssertionError: Health check failed: {"detail":"Not Found"}
E   assert 404 == 200
E    +  where 404 = &lt;Response [404]&gt;.status_code</failure></testcase></testsuite></testsuites>