<?xml version="1.0" encoding="utf-8"?><testsuites name="pytest tests"><testsuite name="pytest" errors="0" failures="1" skipped="0" tests="10" time="4.034" timestamp="2026-03-12T17:24:01.259065+00:00" hostname="agent-env-c55abd86-e039-493f-800c-2d068d2d2ba7"><testcase classname="backend.tests.test_settings_edit_constraints.TestAuthentication" name="test_principal_login" time="0.493" /><testcase classname="backend.tests.test_settings_edit_constraints.TestSchoolSettingsAPI" name="test_get_school_settings" time="0.543" /><testcase classname="backend.tests.test_settings_edit_constraints.TestSchoolSettingsAPI" name="test_update_school_settings_day_times" time="0.399" /><testcase classname="backend.tests.test_settings_edit_constraints.TestSchoolSettingsAPI" name="test_update_school_settings_periods_count" time="0.140" /><testcase classname="backend.tests.test_settings_edit_constraints.TestConstraintToggleAPI" name="test_get_admin_constraints" time="0.527" /><testcase classname="backend.tests.test_settings_edit_constraints.TestConstraintToggleAPI" name="test_toggle_constraint_active" time="0.375" /><testcase classname="backend.tests.test_settings_edit_constraints.TestConstraintToggleAPI" name="test_toggle_constraint_invalid_id" time="0.164" /><testcase classname="backend.tests.test_settings_edit_constraints.TestScheduleGenerationErrors" name="test_get_schedules" time="0.454" /><testcase classname="backend.tests.test_settings_edit_constraints.TestScheduleGenerationErrors" name="test_get_schedule_sessions" time="0.350" /><testcase classname="backend.tests.test_settings_edit_constraints.TestTimeSlots" name="test_get_time_slots" time="0.499"><failure message="AssertionError: Failed to get time slots: Internal Server Error&#10;assert 500 == 200&#10; +  where 500 = &lt;Response [500]&gt;.status_code">backend/tests/test_settings_edit_constraints.py:255: in test_get_time_slots
    assert response.status_code == 200, f"Failed to get time slots: {response.text}"
E   AssertionError: Failed to get time slots: Internal Server Error
E   assert 500 == 200
E    +  where 500 = &lt;Response [500]&gt;.status_code</failure></testcase></testsuite></testsuites>