<?xml version="1.0" encoding="utf-8"?><testsuites name="pytest tests"><testsuite name="pytest" errors="0" failures="0" skipped="0" tests="18" time="6.403" timestamp="2026-03-09T23:15:56.678323+00:00" hostname="agent-env-6287cbc6-72a1-44a4-b8d1-773e13a83086"><testcase classname="tests.test_new_routers.TestNewRouters" name="test_scheduling_schedules_endpoint_exists" time="0.508" /><testcase classname="tests.test_new_routers.TestNewRouters" name="test_scheduling_time_slots_endpoint_exists" time="0.402" /><testcase classname="tests.test_new_routers.TestNewRouters" name="test_scheduling_seed_time_slots_requires_tenant" time="0.382" /><testcase classname="tests.test_new_routers.TestNewRouters" name="test_attendance_low_attendance_alerts_endpoint" time="0.414" /><testcase classname="tests.test_new_routers.TestNewRouters" name="test_attendance_consecutive_absences_endpoint" time="0.385" /><testcase classname="tests.test_new_routers.TestNewRouters" name="test_assessments_list_endpoint" time="0.465" /><testcase classname="tests.test_new_routers.TestNewRouters" name="test_assessments_grade_weights_endpoint" time="0.390" /><testcase classname="tests.test_new_routers.TestNewRouters" name="test_audit_stats_endpoint" time="0.407" /><testcase classname="tests.test_new_routers.TestNewRouters" name="test_audit_critical_events_endpoint" time="0.390" /><testcase classname="tests.test_new_routers.TestNewRouters" name="test_audit_logs_endpoint" time="0.398" /><testcase classname="tests.test_new_routers.TestNewRouters" name="test_audit_login_analytics_endpoint" time="0.391" /><testcase classname="tests.test_new_routers.TestRouterAuthentication" name="test_scheduling_requires_auth" time="0.139" /><testcase classname="tests.test_new_routers.TestRouterAuthentication" name="test_attendance_requires_auth" time="0.136" /><testcase classname="tests.test_new_routers.TestRouterAuthentication" name="test_assessments_requires_auth" time="0.106" /><testcase classname="tests.test_new_routers.TestRouterAuthentication" name="test_audit_requires_auth" time="0.145" /><testcase classname="tests.test_new_routers.TestRouterRoleAccess" name="test_audit_stats_platform_admin_access" time="0.431" /><testcase classname="tests.test_new_routers.TestRouterRoleAccess" name="test_audit_critical_events_platform_admin_access" time="0.443" /><testcase classname="tests.test_new_routers.TestRouterRoleAccess" name="test_audit_export_platform_admin_access" time="0.412" /></testsuite></testsuites>