<?xml version="1.0" encoding="utf-8"?><testsuites name="pytest tests"><testsuite name="pytest" errors="0" failures="0" skipped="0" tests="34" time="4.517" timestamp="2026-03-13T13:55:49.098645+00:00" hostname="agent-env-187eab44-12fd-44b8-b16c-94bb2122fa1d"><testcase classname="backend.tests.test_official_curriculum_api.TestOfficialCurriculumStats" name="test_get_stats_returns_200" time="0.283" /><testcase classname="backend.tests.test_official_curriculum_api.TestOfficialCurriculumStats" name="test_stats_contains_required_fields" time="0.119" /><testcase classname="backend.tests.test_official_curriculum_api.TestOfficialCurriculumStats" name="test_stats_values_are_positive" time="0.162" /><testcase classname="backend.tests.test_official_curriculum_api.TestOfficialCurriculumStages" name="test_get_stages_returns_200" time="0.109" /><testcase classname="backend.tests.test_official_curriculum_api.TestOfficialCurriculumStages" name="test_stages_returns_list" time="0.133" /><testcase classname="backend.tests.test_official_curriculum_api.TestOfficialCurriculumStages" name="test_stage_structure" time="0.131" /><testcase classname="backend.tests.test_official_curriculum_api.TestOfficialCurriculumStages" name="test_stages_include_elementary" time="0.128" /><testcase classname="backend.tests.test_official_curriculum_api.TestOfficialCurriculumTracks" name="test_get_tracks_returns_200" time="0.118" /><testcase classname="backend.tests.test_official_curriculum_api.TestOfficialCurriculumTracks" name="test_tracks_returns_list" time="0.109" /><testcase classname="backend.tests.test_official_curriculum_api.TestOfficialCurriculumTracks" name="test_track_structure" time="0.106" /><testcase classname="backend.tests.test_official_curriculum_api.TestOfficialCurriculumTracks" name="test_filter_tracks_by_stage" time="0.117" /><testcase classname="backend.tests.test_official_curriculum_api.TestOfficialCurriculumGrades" name="test_get_grades_returns_200" time="0.148" /><testcase classname="backend.tests.test_official_curriculum_api.TestOfficialCurriculumGrades" name="test_grades_returns_list" time="0.110" /><testcase classname="backend.tests.test_official_curriculum_api.TestOfficialCurriculumGrades" name="test_grade_structure" time="0.123" /><testcase classname="backend.tests.test_official_curriculum_api.TestOfficialCurriculumGrades" name="test_filter_grades_by_stage" time="0.118" /><testcase classname="backend.tests.test_official_curriculum_api.TestOfficialCurriculumGrades" name="test_grades_include_stage_and_track_names" time="0.118" /><testcase classname="backend.tests.test_official_curriculum_api.TestOfficialCurriculumTeacherRankLoads" name="test_get_rank_loads_returns_200" time="0.112" /><testcase classname="backend.tests.test_official_curriculum_api.TestOfficialCurriculumTeacherRankLoads" name="test_rank_loads_returns_list" time="0.121" /><testcase classname="backend.tests.test_official_curriculum_api.TestOfficialCurriculumTeacherRankLoads" name="test_rank_load_structure" time="0.113" /><testcase classname="backend.tests.test_official_curriculum_api.TestOfficialCurriculumTeacherRankLoads" name="test_rank_loads_have_valid_periods" time="0.116" /><testcase classname="backend.tests.test_official_curriculum_api.TestOfficialCurriculumTeacherRankLoads" name="test_filter_special_education_ranks" time="0.125" /><testcase classname="backend.tests.test_official_curriculum_api.TestOfficialCurriculumForGrade" name="test_get_curriculum_for_grade_returns_200" time="0.149" /><testcase classname="backend.tests.test_official_curriculum_api.TestOfficialCurriculumForGrade" name="test_curriculum_structure" time="0.124" /><testcase classname="backend.tests.test_official_curriculum_api.TestOfficialCurriculumForGrade" name="test_curriculum_grade_info" time="0.155" /><testcase classname="backend.tests.test_official_curriculum_api.TestOfficialCurriculumForGrade" name="test_curriculum_subjects_list" time="0.116" /><testcase classname="backend.tests.test_official_curriculum_api.TestOfficialCurriculumForGrade" name="test_curriculum_summary" time="0.135" /><testcase classname="backend.tests.test_official_curriculum_api.TestOfficialCurriculumForGrade" name="test_invalid_grade_returns_404" time="0.118" /><testcase classname="backend.tests.test_official_curriculum_api.TestOfficialCurriculumSubjects" name="test_get_subjects_returns_200" time="0.117" /><testcase classname="backend.tests.test_official_curriculum_api.TestOfficialCurriculumSubjects" name="test_subjects_returns_list" time="0.133" /><testcase classname="backend.tests.test_official_curriculum_api.TestOfficialCurriculumSubjects" name="test_subject_structure" time="0.114" /><testcase classname="backend.tests.test_official_curriculum_api.TestOfficialCurriculumSearch" name="test_search_returns_200" time="0.127" /><testcase classname="backend.tests.test_official_curriculum_api.TestOfficialCurriculumSearch" name="test_search_returns_results_structure" time="0.116" /><testcase classname="backend.tests.test_official_curriculum_api.TestOfficialCurriculumSearch" name="test_search_finds_math_subject" time="0.139" /><testcase classname="backend.tests.test_official_curriculum_api.TestOfficialCurriculumSearch" name="test_search_with_type_filter" time="0.101" /></testsuite></testsuites>