<?xml version="1.0" encoding="utf-8"?><testsuites name="pytest tests"><testsuite name="pytest" errors="0" failures="1" skipped="0" tests="14" time="7.590" timestamp="2026-03-09T13:40:52.661461+00:00" hostname="agent-env-842f97e2-235a-45df-8244-a8059afdc5f1"><testcase classname="backend.tests.test_dashboard_filters.TestDashboardFilters" name="test_login_as_platform_admin" time="0.441" /><testcase classname="backend.tests.test_dashboard_filters.TestDashboardFilters" name="test_dashboard_stats_no_filters" time="0.510" /><testcase classname="backend.tests.test_dashboard_filters.TestDashboardFilters" name="test_filter_by_status_active" time="0.536" /><testcase classname="backend.tests.test_dashboard_filters.TestDashboardFilters" name="test_filter_by_status_suspended" time="0.526" /><testcase classname="backend.tests.test_dashboard_filters.TestDashboardFilters" name="test_filter_by_status_pending" time="0.557" /><testcase classname="backend.tests.test_dashboard_filters.TestDashboardFilters" name="test_filter_by_status_setup" time="0.759" /><testcase classname="backend.tests.test_dashboard_filters.TestDashboardFilters" name="test_filter_by_city_riyadh" time="0.508" /><testcase classname="backend.tests.test_dashboard_filters.TestDashboardFilters" name="test_filter_by_time_window_today" time="0.549" /><testcase classname="backend.tests.test_dashboard_filters.TestDashboardFilters" name="test_filter_by_time_window_week" time="0.489" /><testcase classname="backend.tests.test_dashboard_filters.TestDashboardFilters" name="test_filter_by_time_window_month" time="0.521" /><testcase classname="backend.tests.test_dashboard_filters.TestDashboardFilters" name="test_combined_filters_city_and_status" time="0.493" /><testcase classname="backend.tests.test_dashboard_filters.TestDashboardFilters" name="test_data_changes_with_filters" time="0.657" /><testcase classname="backend.tests.test_dashboard_filters.TestSchoolsAPI" name="test_get_all_schools" time="0.451"><failure message="assert 500 == 200&#10; +  where 500 = &lt;Response [500]&gt;.status_code">backend/tests/test_dashboard_filters.py:234: in test_get_all_schools
    assert response.status_code == 200
E   assert 500 == 200
E    +  where 500 = &lt;Response [500]&gt;.status_code</failure></testcase><testcase classname="backend.tests.test_dashboard_filters.TestSchoolsAPI" name="test_get_active_schools" time="0.466" /></testsuite></testsuites>