<?xml version="1.0" encoding="utf-8"?><testsuites name="pytest tests"><testsuite name="pytest" errors="0" failures="0" skipped="0" tests="14" time="8.479" timestamp="2026-03-09T15:14:31.812486+00:00" hostname="agent-env-59f93d41-07dd-4926-8458-ccbcd5e38da3"><testcase classname="backend.tests.test_school_wizard_api.TestSchoolWizardAPI" name="test_login_platform_admin" time="0.470" /><testcase classname="backend.tests.test_school_wizard_api.TestSchoolWizardAPI" name="test_create_school_with_all_fields" time="0.618" /><testcase classname="backend.tests.test_school_wizard_api.TestSchoolWizardAPI" name="test_create_school_auto_generates_code" time="0.643" /><testcase classname="backend.tests.test_school_wizard_api.TestSchoolWizardAPI" name="test_create_school_creates_principal_account" time="0.675" /><testcase classname="backend.tests.test_school_wizard_api.TestSchoolWizardAPI" name="test_create_school_validates_required_fields" time="0.407" /><testcase classname="backend.tests.test_school_wizard_api.TestSchoolWizardAPI" name="test_create_school_rejects_duplicate_email" time="0.690" /><testcase classname="backend.tests.test_school_wizard_api.TestSchoolWizardAPI" name="test_create_school_rejects_duplicate_phone" time="0.684" /><testcase classname="backend.tests.test_school_wizard_api.TestSchoolWizardAPI" name="test_get_schools_list" time="0.501" /><testcase classname="backend.tests.test_school_wizard_api.TestSchoolWizardAPI" name="test_get_schools_filter_by_status" time="0.401" /><testcase classname="backend.tests.test_school_wizard_api.TestSchoolWizardAPI" name="test_get_single_school" time="0.563" /><testcase classname="backend.tests.test_school_wizard_api.TestSchoolWizardAPI" name="test_dashboard_stats" time="0.442" /><testcase classname="backend.tests.test_school_wizard_api.TestSchoolCodeGeneration" name="test_code_format_saudi_arabia" time="0.656" /><testcase classname="backend.tests.test_school_wizard_api.TestSchoolCodeGeneration" name="test_code_format_uae" time="0.651" /><testcase classname="backend.tests.test_school_wizard_api.TestSchoolCodeGeneration" name="test_sequential_code_increment" time="0.936" /></testsuite></testsuites>