<?xml version="1.0" encoding="utf-8"?><testsuites name="pytest tests"><testsuite name="pytest" errors="0" failures="0" skipped="0" tests="17" time="4.651" timestamp="2026-03-10T17:25:21.012228+00:00" hostname="agent-env-21310e14-bd2e-4de1-bfb3-a24e3d33906f"><testcase classname="backend.tests.test_conflict_resolution_api.TestConflictSuggestionsAPI" name="test_get_suggestions_success" time="0.751" /><testcase classname="backend.tests.test_conflict_resolution_api.TestConflictSuggestionsAPI" name="test_get_suggestions_invalid_schedule" time="0.131" /><testcase classname="backend.tests.test_conflict_resolution_api.TestConflictSuggestionsAPI" name="test_get_suggestions_unauthorized" time="0.223" /><testcase classname="backend.tests.test_conflict_resolution_api.TestConflictSuggestionsAPI" name="test_suggestions_structure_when_conflicts_exist" time="0.159" /><testcase classname="backend.tests.test_conflict_resolution_api.TestApplySuggestionAPI" name="test_apply_suggestion_missing_params" time="0.132" /><testcase classname="backend.tests.test_conflict_resolution_api.TestApplySuggestionAPI" name="test_apply_suggestion_invalid_session" time="0.220" /><testcase classname="backend.tests.test_conflict_resolution_api.TestApplySuggestionAPI" name="test_apply_suggestion_invalid_schedule" time="0.113" /><testcase classname="backend.tests.test_conflict_resolution_api.TestApplySuggestionAPI" name="test_apply_suggestion_invalid_day" time="0.407" /><testcase classname="backend.tests.test_conflict_resolution_api.TestApplySuggestionAPI" name="test_apply_suggestion_unauthorized" time="0.127" /><testcase classname="backend.tests.test_conflict_resolution_api.TestAutoResolveAPI" name="test_auto_resolve_no_conflicts" time="0.146" /><testcase classname="backend.tests.test_conflict_resolution_api.TestAutoResolveAPI" name="test_auto_resolve_invalid_schedule" time="0.121" /><testcase classname="backend.tests.test_conflict_resolution_api.TestAutoResolveAPI" name="test_auto_resolve_unauthorized" time="0.116" /><testcase classname="backend.tests.test_conflict_resolution_api.TestAutoResolveAPI" name="test_auto_resolve_response_structure" time="0.174" /><testcase classname="backend.tests.test_conflict_resolution_api.TestConflictResolutionIntegration" name="test_suggestions_and_conflicts_consistency" time="0.431" /><testcase classname="backend.tests.test_conflict_resolution_api.TestConflictResolutionIntegration" name="test_can_auto_resolve_flag" time="0.492" /><testcase classname="backend.tests.test_conflict_resolution_api.TestAdminAccess" name="test_admin_can_access_suggestions" time="0.644" /><testcase classname="backend.tests.test_conflict_resolution_api.TestAdminAccess" name="test_admin_can_auto_resolve" time="0.179" /></testsuite></testsuites>