<?xml version="1.0" encoding="utf-8"?><testsuites name="pytest tests"><testsuite name="pytest" errors="0" failures="0" skipped="0" tests="10" time="5.356" timestamp="2026-03-13T19:14:50.900711+00:00" hostname="agent-env-816ba8f8-234b-41ba-8e41-95498bc2651a"><testcase classname="backend.tests.test_principal_timetable_page_iter81.TestAuthentication" name="test_login_success" time="0.554" /><testcase classname="backend.tests.test_principal_timetable_page_iter81.TestTimetableVersionsAPI" name="test_get_timetable_versions" time="0.492" /><testcase classname="backend.tests.test_principal_timetable_page_iter81.TestTimetableReadinessAPI" name="test_get_readiness_check" time="0.527" /><testcase classname="backend.tests.test_principal_timetable_page_iter81.TestSchoolInfoAPI" name="test_get_school_info" time="0.486" /><testcase classname="backend.tests.test_principal_timetable_page_iter81.TestActiveTimetableSessionsAPI" name="test_get_active_sessions" time="0.570" /><testcase classname="backend.tests.test_principal_timetable_page_iter81.TestClassesAPI" name="test_get_classes" time="0.505" /><testcase classname="backend.tests.test_principal_timetable_page_iter81.TestTeachersAPI" name="test_get_teachers" time="0.518" /><testcase classname="backend.tests.test_principal_timetable_page_iter81.TestSubjectsAPI" name="test_get_unique_subjects" time="0.547" /><testcase classname="backend.tests.test_principal_timetable_page_iter81.TestTimeSlotsAPI" name="test_get_time_slots_correct_endpoint" time="0.483" /><testcase classname="backend.tests.test_principal_timetable_page_iter81.TestTimeSlotsAPI" name="test_get_time_slots_wrong_endpoint_returns_404" time="0.552" /></testsuite></testsuites>