<?xml version="1.0" encoding="utf-8"?><testsuites name="pytest tests"><testsuite name="pytest" errors="0" failures="0" skipped="0" tests="13" time="6.609" timestamp="2026-03-13T01:47:40.778053+00:00" hostname="agent-env-056672b5-3180-40da-b175-581c90182d5b"><testcase classname="tests.test_iteration_71.TestAuthentication" name="test_principal_login_success" time="0.437" /><testcase classname="tests.test_iteration_71.TestScheduleAPIs" name="test_get_schedules" time="0.496" /><testcase classname="tests.test_iteration_71.TestScheduleAPIs" name="test_get_time_slots" time="0.488" /><testcase classname="tests.test_iteration_71.TestScheduleAPIs" name="test_get_smart_timetables" time="0.488" /><testcase classname="tests.test_iteration_71.TestScheduleAPIs" name="test_validate_smart_scheduling" time="0.496" /><testcase classname="tests.test_iteration_71.TestSchoolSettingsAPIs" name="test_get_school_settings" time="0.453" /><testcase classname="tests.test_iteration_71.TestSchoolSettingsAPIs" name="test_get_school_constraints" time="0.471" /><testcase classname="tests.test_iteration_71.TestSchoolSettingsAPIs" name="test_get_reference_stages" time="0.499" /><testcase classname="tests.test_iteration_71.TestSchoolSettingsAPIs" name="test_get_reference_subjects" time="0.507" /><testcase classname="tests.test_iteration_71.TestSchoolSettingsAPIs" name="test_get_teachers" time="0.484" /><testcase classname="tests.test_iteration_71.TestSchoolSettingsAPIs" name="test_get_classes" time="0.536" /><testcase classname="tests.test_iteration_71.TestConstraintsCRUD" name="test_toggle_constraint" time="0.666" /><testcase classname="tests.test_iteration_71.TestStageToggle" name="test_get_stages_with_active_status" time="0.473" /></testsuite></testsuites>