<?xml version="1.0" encoding="utf-8"?><testsuites name="pytest tests"><testsuite name="pytest" errors="0" failures="0" skipped="0" tests="24" time="3.906" timestamp="2026-03-13T14:54:47.436025+00:00" hostname="agent-env-187eab44-12fd-44b8-b16c-94bb2122fa1d"><testcase classname="backend.tests.test_timetable_readiness.TestTimetableReadinessCheck" name="test_readiness_check_returns_200" time="0.281" /><testcase classname="backend.tests.test_timetable_readiness.TestTimetableReadinessCheck" name="test_readiness_check_response_structure" time="0.128" /><testcase classname="backend.tests.test_timetable_readiness.TestTimetableReadinessCheck" name="test_readiness_check_status_values" time="0.161" /><testcase classname="backend.tests.test_timetable_readiness.TestTimetableReadinessCheck" name="test_readiness_check_categories_structure" time="0.119" /><testcase classname="backend.tests.test_timetable_readiness.TestTimetableReadinessCheck" name="test_readiness_check_percentage_calculation" time="0.120" /><testcase classname="backend.tests.test_timetable_readiness.TestTimetableReadinessCheck" name="test_readiness_check_issues_have_fix_links" time="0.126" /><testcase classname="backend.tests.test_timetable_readiness.TestTimetableReadinessCheck" name="test_readiness_check_can_generate_logic" time="0.127" /><testcase classname="backend.tests.test_timetable_readiness.TestTimetableReadinessCheck" name="test_readiness_check_summary_counts" time="0.121" /><testcase classname="backend.tests.test_timetable_readiness.TestTimetableReadinessSummary" name="test_summary_returns_200" time="0.140" /><testcase classname="backend.tests.test_timetable_readiness.TestTimetableReadinessSummary" name="test_summary_response_structure" time="0.133" /><testcase classname="backend.tests.test_timetable_readiness.TestTimetableReadinessSummary" name="test_summary_status_color_mapping" time="0.174" /><testcase classname="backend.tests.test_timetable_readiness.TestTimetableReadinessSummary" name="test_summary_status_icon_mapping" time="0.140" /><testcase classname="backend.tests.test_timetable_readiness.TestTimetableReadinessSummary" name="test_summary_arabic_messages" time="0.134" /><testcase classname="backend.tests.test_timetable_readiness.TestTimetableReadinessSummary" name="test_summary_consistency_with_full_check" time="0.280" /><testcase classname="backend.tests.test_timetable_readiness.TestTimetableReadinessWithDifferentSchools" name="test_readiness_with_default_school" time="0.134" /><testcase classname="backend.tests.test_timetable_readiness.TestTimetableReadinessWithDifferentSchools" name="test_readiness_with_explicit_school_context" time="0.120" /><testcase classname="backend.tests.test_timetable_readiness.TestTimetableReadinessCategories" name="test_academic_context_category" time="0.121" /><testcase classname="backend.tests.test_timetable_readiness.TestTimetableReadinessCategories" name="test_school_days_category" time="0.179" /><testcase classname="backend.tests.test_timetable_readiness.TestTimetableReadinessCategories" name="test_day_structure_category" time="0.170" /><testcase classname="backend.tests.test_timetable_readiness.TestTimetableReadinessCategories" name="test_classes_category" time="0.123" /><testcase classname="backend.tests.test_timetable_readiness.TestTimetableReadinessCategories" name="test_teachers_category" time="0.383" /><testcase classname="backend.tests.test_timetable_readiness.TestTimetableReadinessCategories" name="test_teacher_assignments_category" time="0.111" /><testcase classname="backend.tests.test_timetable_readiness.TestTimetableReadinessCategories" name="test_constraints_category" time="0.122" /><testcase classname="backend.tests.test_timetable_readiness.TestTimetableReadinessCategories" name="test_official_curriculum_category" time="0.128" /></testsuite></testsuites>